Adding job tentatively -- it will be properly scheduled when the scheduler starts
Adding job tentatively -- it will be properly scheduled when the scheduler starts
定时任务开启
Added job "zhihu" to job store "default"
Added job "hupu" to job store "default"
Scheduler started
Looking for jobs to run
Next wakeup is due at 2018-12-28 00:01:03+08:00 (in 47727.690785 seconds)
Adding job tentatively -- it will be properly scheduled when the scheduler starts
Adding job tentatively -- it will be properly scheduled when the scheduler starts
定时任务开启
Added job "zhihu" to job store "default"
Added job "hupu" to job store "default"
Scheduler started
Looking for jobs to run
Next wakeup is due at 2018-12-28 00:01:03+08:00 (in 47698.377426 seconds)
Adding job tentatively -- it will be properly scheduled when the scheduler starts
Adding job tentatively -- it will be properly scheduled when the scheduler starts
定时任务开启
Added job "zhihu" to job store "default"
Added job "hupu" to job store "default"
Scheduler started
Looking for jobs to run
Next wakeup is due at 2018-12-28 00:01:03+08:00 (in 47135.906415 seconds)
Adding job tentatively -- it will be properly scheduled when the scheduler starts
Adding job tentatively -- it will be properly scheduled when the scheduler starts
定时任务开启
Added job "zhihu" to job store "default"
Added job "hupu" to job store "default"
Scheduler started
Looking for jobs to run
Next wakeup is due at 2018-12-28 00:01:03+08:00 (in 46966.585813 seconds)
Adding job tentatively -- it will be properly scheduled when the scheduler starts
Adding job tentatively -- it will be properly scheduled when the scheduler starts
定时任务开启
Added job "zhihu" to job store "default"
Added job "hupu" to job store "default"
Scheduler started
Looking for jobs to run
Next wakeup is due at 2018-12-28 00:01:03+08:00 (in 46909.982270 seconds)
Adding job tentatively -- it will be properly scheduled when the scheduler starts
Adding job tentatively -- it will be properly scheduled when the scheduler starts
定时任务开启
Added job "zhihu" to job store "default"
Added job "hupu" to job store "default"
Scheduler started
Looking for jobs to run
Next wakeup is due at 2018-12-28 00:01:03+08:00 (in 46814.508450 seconds)
Adding job tentatively -- it will be properly scheduled when the scheduler starts
Adding job tentatively -- it will be properly scheduled when the scheduler starts
定时任务开启
Added job "zhihu" to job store "default"
Added job "hupu" to job store "default"
Scheduler started
Looking for jobs to run
Next wakeup is due at 2018-12-28 00:01:03+08:00 (in 46660.864632 seconds)
