[INFO  - 2019-01-11T06:10:20.903Z] GhostDriver - Main - running on port 64003
[INFO  - 2019-01-11T06:10:22.997Z] Session [9491f900-1567-11e9-a845-75e197288551] - page.settings - {"XSSAuditingEnabled":false,"javascriptCanCloseWindows":true,"javascriptCanOpenWindows":true,"javascriptEnabled":true,"loadImages":true,"localToRemoteUrlAccessEnabled":false,"userAgent":"Mozilla/5.0 (Windows NT 6.1; WOW64) AppleWebKit/538.1 (KHTML, like Gecko) PhantomJS/2.1.1 Safari/538.1","webSecurityEnabled":true}
[INFO  - 2019-01-11T06:10:22.997Z] Session [9491f900-1567-11e9-a845-75e197288551] - page.customHeaders:  - {}
[INFO  - 2019-01-11T06:10:22.997Z] Session [9491f900-1567-11e9-a845-75e197288551] - Session.negotiatedCapabilities - {"browserName":"phantomjs","version":"2.1.1","driverName":"ghostdriver","driverVersion":"1.2.0","platform":"windows-7-32bit","javascriptEnabled":true,"takesScreenshot":true,"handlesAlerts":false,"databaseEnabled":false,"locationContextEnabled":false,"applicationCacheEnabled":false,"browserConnectionEnabled":false,"cssSelectorsEnabled":true,"webStorageEnabled":false,"rotatable":false,"acceptSslCerts":false,"nativeEvents":true,"proxy":{"proxyType":"direct"}}
[INFO  - 2019-01-11T06:10:22.997Z] SessionManagerReqHand - _postNewSessionCommand - New Session Created: 9491f900-1567-11e9-a845-75e197288551
[ERROR - 2019-01-11T06:10:23.002Z] RouterReqHand - _handle.error - {"name":"Missing Command Parameter","message":"{\"headers\":{\"Accept\":\"application/json\",\"Accept-Encoding\":\"identity\",\"Content-Length\":\"72\",\"Content-Type\":\"application/json;charset=UTF-8\",\"Host\":\"127.0.0.1:64003\",\"User-Agent\":\"selenium/3.141.0 (python windows)\"},\"httpVersion\":\"1.1\",\"method\":\"POST\",\"post\":\"{\\\"pageLoad\\\": 30000, \\\"sessionId\\\": \\\"9491f900-1567-11e9-a845-75e197288551\\\"}\",\"url\":\"/timeouts\",\"urlParsed\":{\"anchor\":\"\",\"query\":\"\",\"file\":\"timeouts\",\"directory\":\"/\",\"path\":\"/timeouts\",\"relative\":\"/timeouts\",\"port\":\"\",\"host\":\"\",\"password\":\"\",\"user\":\"\",\"userInfo\":\"\",\"authority\":\"\",\"protocol\":\"\",\"source\":\"/timeouts\",\"queryKey\":{},\"chunks\":[\"timeouts\"]},\"urlOriginal\":\"/session/9491f900-1567-11e9-a845-75e197288551/timeouts\"}","line":546,"sourceURL":"phantomjs://code/session_request_handler.js","stack":"_postTimeout@phantomjs://code/session_request_handler.js:546:73\n_handle@phantomjs://code/session_request_handler.js:148:25\n_reroute@phantomjs://code/request_handler.js:61:20\n_handle@phantomjs://code/router_request_handler.js:78:46"}

  phantomjs://platform/console++.js:263 in error
[INFO  - 2019-01-11T06:10:29.924Z] Session [9491f900-1567-11e9-a845-75e197288551] - page.settings - {"XSSAuditingEnabled":false,"javascriptCanCloseWindows":true,"javascriptCanOpenWindows":true,"javascriptEnabled":true,"loadImages":true,"localToRemoteUrlAccessEnabled":false,"userAgent":"Mozilla/5.0 (Windows NT 6.1; WOW64) AppleWebKit/538.1 (KHTML, like Gecko) PhantomJS/2.1.1 Safari/538.1","webSecurityEnabled":true}
[INFO  - 2019-01-11T06:10:29.924Z] Session [9491f900-1567-11e9-a845-75e197288551] - page.customHeaders:  - {}
[INFO  - 2019-01-11T06:10:29.935Z] Session [9491f900-1567-11e9-a845-75e197288551] - page.settings - {"XSSAuditingEnabled":false,"javascriptCanCloseWindows":true,"javascriptCanOpenWindows":true,"javascriptEnabled":true,"loadImages":true,"localToRemoteUrlAccessEnabled":false,"userAgent":"Mozilla/5.0 (Windows NT 6.1; WOW64) AppleWebKit/538.1 (KHTML, like Gecko) PhantomJS/2.1.1 Safari/538.1","webSecurityEnabled":true}
[INFO  - 2019-01-11T06:10:29.935Z] Session [9491f900-1567-11e9-a845-75e197288551] - page.customHeaders:  - {}
[INFO  - 2019-01-11T06:10:30.244Z] Session [9491f900-1567-11e9-a845-75e197288551] - page.settings - {"XSSAuditingEnabled":false,"javascriptCanCloseWindows":true,"javascriptCanOpenWindows":true,"javascriptEnabled":true,"loadImages":true,"localToRemoteUrlAccessEnabled":false,"userAgent":"Mozilla/5.0 (Windows NT 6.1; WOW64) AppleWebKit/538.1 (KHTML, like Gecko) PhantomJS/2.1.1 Safari/538.1","webSecurityEnabled":true}
[INFO  - 2019-01-11T06:10:30.244Z] Session [9491f900-1567-11e9-a845-75e197288551] - page.customHeaders:  - {}
[INFO  - 2019-01-11T06:10:30.252Z] Session [9491f900-1567-11e9-a845-75e197288551] - page.settings - {"XSSAuditingEnabled":false,"javascriptCanCloseWindows":true,"javascriptCanOpenWindows":true,"javascriptEnabled":true,"loadImages":true,"localToRemoteUrlAccessEnabled":false,"userAgent":"Mozilla/5.0 (Windows NT 6.1; WOW64) AppleWebKit/538.1 (KHTML, like Gecko) PhantomJS/2.1.1 Safari/538.1","webSecurityEnabled":true}
[INFO  - 2019-01-11T06:10:30.252Z] Session [9491f900-1567-11e9-a845-75e197288551] - page.customHeaders:  - {}
[INFO  - 2019-01-11T06:10:30.607Z] Session [9491f900-1567-11e9-a845-75e197288551] - page.settings - {"XSSAuditingEnabled":false,"javascriptCanCloseWindows":true,"javascriptCanOpenWindows":true,"javascriptEnabled":true,"loadImages":true,"localToRemoteUrlAccessEnabled":false,"userAgent":"Mozilla/5.0 (Windows NT 6.1; WOW64) AppleWebKit/538.1 (KHTML, like Gecko) PhantomJS/2.1.1 Safari/538.1","webSecurityEnabled":true}
[INFO  - 2019-01-11T06:10:30.607Z] Session [9491f900-1567-11e9-a845-75e197288551] - page.customHeaders:  - {}
[INFO  - 2019-01-11T06:10:30.615Z] Session [9491f900-1567-11e9-a845-75e197288551] - page.settings - {"XSSAuditingEnabled":false,"javascriptCanCloseWindows":true,"javascriptCanOpenWindows":true,"javascriptEnabled":true,"loadImages":true,"localToRemoteUrlAccessEnabled":false,"userAgent":"Mozilla/5.0 (Windows NT 6.1; WOW64) AppleWebKit/538.1 (KHTML, like Gecko) PhantomJS/2.1.1 Safari/538.1","webSecurityEnabled":true}
[INFO  - 2019-01-11T06:10:30.615Z] Session [9491f900-1567-11e9-a845-75e197288551] - page.customHeaders:  - {}
[INFO  - 2019-01-11T06:10:30.924Z] Session [9491f900-1567-11e9-a845-75e197288551] - page.settings - {"XSSAuditingEnabled":false,"javascriptCanCloseWindows":true,"javascriptCanOpenWindows":true,"javascriptEnabled":true,"loadImages":true,"localToRemoteUrlAccessEnabled":false,"userAgent":"Mozilla/5.0 (Windows NT 6.1; WOW64) AppleWebKit/538.1 (KHTML, like Gecko) PhantomJS/2.1.1 Safari/538.1","webSecurityEnabled":true}
[INFO  - 2019-01-11T06:10:30.924Z] Session [9491f900-1567-11e9-a845-75e197288551] - page.customHeaders:  - {}
[INFO  - 2019-01-11T06:10:31.535Z] Session [9491f900-1567-11e9-a845-75e197288551] - page.settings - {"XSSAuditingEnabled":false,"javascriptCanCloseWindows":true,"javascriptCanOpenWindows":true,"javascriptEnabled":true,"loadImages":true,"localToRemoteUrlAccessEnabled":false,"userAgent":"Mozilla/5.0 (Windows NT 6.1; WOW64) AppleWebKit/538.1 (KHTML, like Gecko) PhantomJS/2.1.1 Safari/538.1","webSecurityEnabled":true}
[INFO  - 2019-01-11T06:10:31.535Z] Session [9491f900-1567-11e9-a845-75e197288551] - page.customHeaders:  - {}
[INFO  - 2019-01-11T06:10:31.542Z] Session [9491f900-1567-11e9-a845-75e197288551] - page.settings - {"XSSAuditingEnabled":false,"javascriptCanCloseWindows":true,"javascriptCanOpenWindows":true,"javascriptEnabled":true,"loadImages":true,"localToRemoteUrlAccessEnabled":false,"userAgent":"Mozilla/5.0 (Windows NT 6.1; WOW64) AppleWebKit/538.1 (KHTML, like Gecko) PhantomJS/2.1.1 Safari/538.1","webSecurityEnabled":true}
[INFO  - 2019-01-11T06:10:31.542Z] Session [9491f900-1567-11e9-a845-75e197288551] - page.customHeaders:  - {}
[INFO  - 2019-01-11T06:10:31.883Z] Session [9491f900-1567-11e9-a845-75e197288551] - page.settings - {"XSSAuditingEnabled":false,"javascriptCanCloseWindows":true,"javascriptCanOpenWindows":true,"javascriptEnabled":true,"loadImages":true,"localToRemoteUrlAccessEnabled":false,"userAgent":"Mozilla/5.0 (Windows NT 6.1; WOW64) AppleWebKit/538.1 (KHTML, like Gecko) PhantomJS/2.1.1 Safari/538.1","webSecurityEnabled":true}
[INFO  - 2019-01-11T06:10:31.883Z] Session [9491f900-1567-11e9-a845-75e197288551] - page.customHeaders:  - {}
[INFO  - 2019-01-11T06:10:32.057Z] Session [9491f900-1567-11e9-a845-75e197288551] - page.settings - {"XSSAuditingEnabled":false,"javascriptCanCloseWindows":true,"javascriptCanOpenWindows":true,"javascriptEnabled":true,"loadImages":true,"localToRemoteUrlAccessEnabled":false,"userAgent":"Mozilla/5.0 (Windows NT 6.1; WOW64) AppleWebKit/538.1 (KHTML, like Gecko) PhantomJS/2.1.1 Safari/538.1","webSecurityEnabled":true}
[INFO  - 2019-01-11T06:10:32.057Z] Session [9491f900-1567-11e9-a845-75e197288551] - page.customHeaders:  - {}
[INFO  - 2019-01-11T06:10:32.461Z] Session [9491f900-1567-11e9-a845-75e197288551] - page.settings - {"XSSAuditingEnabled":false,"javascriptCanCloseWindows":true,"javascriptCanOpenWindows":true,"javascriptEnabled":true,"loadImages":true,"localToRemoteUrlAccessEnabled":false,"userAgent":"Mozilla/5.0 (Windows NT 6.1; WOW64) AppleWebKit/538.1 (KHTML, like Gecko) PhantomJS/2.1.1 Safari/538.1","webSecurityEnabled":true}
[INFO  - 2019-01-11T06:10:32.461Z] Session [9491f900-1567-11e9-a845-75e197288551] - page.customHeaders:  - {}
[INFO  - 2019-01-11T06:10:32.469Z] Session [9491f900-1567-11e9-a845-75e197288551] - page.settings - {"XSSAuditingEnabled":false,"javascriptCanCloseWindows":true,"javascriptCanOpenWindows":true,"javascriptEnabled":true,"loadImages":true,"localToRemoteUrlAccessEnabled":false,"userAgent":"Mozilla/5.0 (Windows NT 6.1; WOW64) AppleWebKit/538.1 (KHTML, like Gecko) PhantomJS/2.1.1 Safari/538.1","webSecurityEnabled":true}
[INFO  - 2019-01-11T06:10:32.469Z] Session [9491f900-1567-11e9-a845-75e197288551] - page.customHeaders:  - {}
[INFO  - 2019-01-11T06:10:32.777Z] Session [9491f900-1567-11e9-a845-75e197288551] - page.settings - {"XSSAuditingEnabled":false,"javascriptCanCloseWindows":true,"javascriptCanOpenWindows":true,"javascriptEnabled":true,"loadImages":true,"localToRemoteUrlAccessEnabled":false,"userAgent":"Mozilla/5.0 (Windows NT 6.1; WOW64) AppleWebKit/538.1 (KHTML, like Gecko) PhantomJS/2.1.1 Safari/538.1","webSecurityEnabled":true}
[INFO  - 2019-01-11T06:10:32.777Z] Session [9491f900-1567-11e9-a845-75e197288551] - page.customHeaders:  - {}
[INFO  - 2019-01-11T06:10:32.785Z] Session [9491f900-1567-11e9-a845-75e197288551] - page.settings - {"XSSAuditingEnabled":false,"javascriptCanCloseWindows":true,"javascriptCanOpenWindows":true,"javascriptEnabled":true,"loadImages":true,"localToRemoteUrlAccessEnabled":false,"userAgent":"Mozilla/5.0 (Windows NT 6.1; WOW64) AppleWebKit/538.1 (KHTML, like Gecko) PhantomJS/2.1.1 Safari/538.1","webSecurityEnabled":true}
[INFO  - 2019-01-11T06:10:32.785Z] Session [9491f900-1567-11e9-a845-75e197288551] - page.customHeaders:  - {}
[INFO  - 2019-01-11T06:10:33.092Z] Session [9491f900-1567-11e9-a845-75e197288551] - page.settings - {"XSSAuditingEnabled":false,"javascriptCanCloseWindows":true,"javascriptCanOpenWindows":true,"javascriptEnabled":true,"loadImages":true,"localToRemoteUrlAccessEnabled":false,"userAgent":"Mozilla/5.0 (Windows NT 6.1; WOW64) AppleWebKit/538.1 (KHTML, like Gecko) PhantomJS/2.1.1 Safari/538.1","webSecurityEnabled":true}
[INFO  - 2019-01-11T06:10:33.092Z] Session [9491f900-1567-11e9-a845-75e197288551] - page.customHeaders:  - {}
[INFO  - 2019-01-11T06:10:33.101Z] Session [9491f900-1567-11e9-a845-75e197288551] - page.settings - {"XSSAuditingEnabled":false,"javascriptCanCloseWindows":true,"javascriptCanOpenWindows":true,"javascriptEnabled":true,"loadImages":true,"localToRemoteUrlAccessEnabled":false,"userAgent":"Mozilla/5.0 (Windows NT 6.1; WOW64) AppleWebKit/538.1 (KHTML, like Gecko) PhantomJS/2.1.1 Safari/538.1","webSecurityEnabled":true}
[INFO  - 2019-01-11T06:10:33.101Z] Session [9491f900-1567-11e9-a845-75e197288551] - page.customHeaders:  - {}
[INFO  - 2019-01-11T06:10:35.209Z] Session [9491f900-1567-11e9-a845-75e197288551] - page.settings - {"XSSAuditingEnabled":false,"javascriptCanCloseWindows":true,"javascriptCanOpenWindows":true,"javascriptEnabled":true,"loadImages":true,"localToRemoteUrlAccessEnabled":false,"userAgent":"Mozilla/5.0 (Windows NT 6.1; WOW64) AppleWebKit/538.1 (KHTML, like Gecko) PhantomJS/2.1.1 Safari/538.1","webSecurityEnabled":true}
[INFO  - 2019-01-11T06:10:35.209Z] Session [9491f900-1567-11e9-a845-75e197288551] - page.customHeaders:  - {}
[INFO  - 2019-01-11T06:10:35.516Z] Session [9491f900-1567-11e9-a845-75e197288551] - page.settings - {"XSSAuditingEnabled":false,"javascriptCanCloseWindows":true,"javascriptCanOpenWindows":true,"javascriptEnabled":true,"loadImages":true,"localToRemoteUrlAccessEnabled":false,"userAgent":"Mozilla/5.0 (Windows NT 6.1; WOW64) AppleWebKit/538.1 (KHTML, like Gecko) PhantomJS/2.1.1 Safari/538.1","webSecurityEnabled":true}
[INFO  - 2019-01-11T06:10:35.516Z] Session [9491f900-1567-11e9-a845-75e197288551] - page.customHeaders:  - {}
[INFO  - 2019-01-11T06:10:35.822Z] Session [9491f900-1567-11e9-a845-75e197288551] - page.settings - {"XSSAuditingEnabled":false,"javascriptCanCloseWindows":true,"javascriptCanOpenWindows":true,"javascriptEnabled":true,"loadImages":true,"localToRemoteUrlAccessEnabled":false,"userAgent":"Mozilla/5.0 (Windows NT 6.1; WOW64) AppleWebKit/538.1 (KHTML, like Gecko) PhantomJS/2.1.1 Safari/538.1","webSecurityEnabled":true}
[INFO  - 2019-01-11T06:10:35.822Z] Session [9491f900-1567-11e9-a845-75e197288551] - page.customHeaders:  - {}
[INFO  - 2019-01-11T06:10:36.131Z] Session [9491f900-1567-11e9-a845-75e197288551] - page.settings - {"XSSAuditingEnabled":false,"javascriptCanCloseWindows":true,"javascriptCanOpenWindows":true,"javascriptEnabled":true,"loadImages":true,"localToRemoteUrlAccessEnabled":false,"userAgent":"Mozilla/5.0 (Windows NT 6.1; WOW64) AppleWebKit/538.1 (KHTML, like Gecko) PhantomJS/2.1.1 Safari/538.1","webSecurityEnabled":true}
[INFO  - 2019-01-11T06:10:36.131Z] Session [9491f900-1567-11e9-a845-75e197288551] - page.customHeaders:  - {}
[INFO  - 2019-01-11T06:10:36.140Z] Session [9491f900-1567-11e9-a845-75e197288551] - page.settings - {"XSSAuditingEnabled":false,"javascriptCanCloseWindows":true,"javascriptCanOpenWindows":true,"javascriptEnabled":true,"loadImages":true,"localToRemoteUrlAccessEnabled":false,"userAgent":"Mozilla/5.0 (Windows NT 6.1; WOW64) AppleWebKit/538.1 (KHTML, like Gecko) PhantomJS/2.1.1 Safari/538.1","webSecurityEnabled":true}
[INFO  - 2019-01-11T06:10:36.140Z] Session [9491f900-1567-11e9-a845-75e197288551] - page.customHeaders:  - {}
[INFO  - 2019-01-11T06:10:36.448Z] Session [9491f900-1567-11e9-a845-75e197288551] - page.settings - {"XSSAuditingEnabled":false,"javascriptCanCloseWindows":true,"javascriptCanOpenWindows":true,"javascriptEnabled":true,"loadImages":true,"localToRemoteUrlAccessEnabled":false,"userAgent":"Mozilla/5.0 (Windows NT 6.1; WOW64) AppleWebKit/538.1 (KHTML, like Gecko) PhantomJS/2.1.1 Safari/538.1","webSecurityEnabled":true}
[INFO  - 2019-01-11T06:10:36.448Z] Session [9491f900-1567-11e9-a845-75e197288551] - page.customHeaders:  - {}
[INFO  - 2019-01-11T06:10:36.454Z] Session [9491f900-1567-11e9-a845-75e197288551] - page.settings - {"XSSAuditingEnabled":false,"javascriptCanCloseWindows":true,"javascriptCanOpenWindows":true,"javascriptEnabled":true,"loadImages":true,"localToRemoteUrlAccessEnabled":false,"userAgent":"Mozilla/5.0 (Windows NT 6.1; WOW64) AppleWebKit/538.1 (KHTML, like Gecko) PhantomJS/2.1.1 Safari/538.1","webSecurityEnabled":true}
[INFO  - 2019-01-11T06:10:36.454Z] Session [9491f900-1567-11e9-a845-75e197288551] - page.customHeaders:  - {}
[INFO  - 2019-01-11T06:10:36.762Z] Session [9491f900-1567-11e9-a845-75e197288551] - page.settings - {"XSSAuditingEnabled":false,"javascriptCanCloseWindows":true,"javascriptCanOpenWindows":true,"javascriptEnabled":true,"loadImages":true,"localToRemoteUrlAccessEnabled":false,"userAgent":"Mozilla/5.0 (Windows NT 6.1; WOW64) AppleWebKit/538.1 (KHTML, like Gecko) PhantomJS/2.1.1 Safari/538.1","webSecurityEnabled":true}
[INFO  - 2019-01-11T06:10:36.762Z] Session [9491f900-1567-11e9-a845-75e197288551] - page.customHeaders:  - {}
[INFO  - 2019-01-11T06:10:37.071Z] Session [9491f900-1567-11e9-a845-75e197288551] - page.settings - {"XSSAuditingEnabled":false,"javascriptCanCloseWindows":true,"javascriptCanOpenWindows":true,"javascriptEnabled":true,"loadImages":true,"localToRemoteUrlAccessEnabled":false,"userAgent":"Mozilla/5.0 (Windows NT 6.1; WOW64) AppleWebKit/538.1 (KHTML, like Gecko) PhantomJS/2.1.1 Safari/538.1","webSecurityEnabled":true}
[INFO  - 2019-01-11T06:10:37.072Z] Session [9491f900-1567-11e9-a845-75e197288551] - page.customHeaders:  - {}
[INFO  - 2019-01-11T06:10:37.080Z] Session [9491f900-1567-11e9-a845-75e197288551] - page.settings - {"XSSAuditingEnabled":false,"javascriptCanCloseWindows":true,"javascriptCanOpenWindows":true,"javascriptEnabled":true,"loadImages":true,"localToRemoteUrlAccessEnabled":false,"userAgent":"Mozilla/5.0 (Windows NT 6.1; WOW64) AppleWebKit/538.1 (KHTML, like Gecko) PhantomJS/2.1.1 Safari/538.1","webSecurityEnabled":true}
[INFO  - 2019-01-11T06:10:37.080Z] Session [9491f900-1567-11e9-a845-75e197288551] - page.customHeaders:  - {}
[INFO  - 2019-01-11T06:10:37.087Z] Session [9491f900-1567-11e9-a845-75e197288551] - page.settings - {"XSSAuditingEnabled":false,"javascriptCanCloseWindows":true,"javascriptCanOpenWindows":true,"javascriptEnabled":true,"loadImages":true,"localToRemoteUrlAccessEnabled":false,"userAgent":"Mozilla/5.0 (Windows NT 6.1; WOW64) AppleWebKit/538.1 (KHTML, like Gecko) PhantomJS/2.1.1 Safari/538.1","webSecurityEnabled":true}
[INFO  - 2019-01-11T06:10:37.087Z] Session [9491f900-1567-11e9-a845-75e197288551] - page.customHeaders:  - {}
[INFO  - 2019-01-11T06:10:37.093Z] Session [9491f900-1567-11e9-a845-75e197288551] - page.settings - {"XSSAuditingEnabled":false,"javascriptCanCloseWindows":true,"javascriptCanOpenWindows":true,"javascriptEnabled":true,"loadImages":true,"localToRemoteUrlAccessEnabled":false,"userAgent":"Mozilla/5.0 (Windows NT 6.1; WOW64) AppleWebKit/538.1 (KHTML, like Gecko) PhantomJS/2.1.1 Safari/538.1","webSecurityEnabled":true}
[INFO  - 2019-01-11T06:10:37.093Z] Session [9491f900-1567-11e9-a845-75e197288551] - page.customHeaders:  - {}
[INFO  - 2019-01-11T06:10:37.101Z] Session [9491f900-1567-11e9-a845-75e197288551] - page.settings - {"XSSAuditingEnabled":false,"javascriptCanCloseWindows":true,"javascriptCanOpenWindows":true,"javascriptEnabled":true,"loadImages":true,"localToRemoteUrlAccessEnabled":false,"userAgent":"Mozilla/5.0 (Windows NT 6.1; WOW64) AppleWebKit/538.1 (KHTML, like Gecko) PhantomJS/2.1.1 Safari/538.1","webSecurityEnabled":true}
[INFO  - 2019-01-11T06:10:37.102Z] Session [9491f900-1567-11e9-a845-75e197288551] - page.customHeaders:  - {}
[INFO  - 2019-01-11T06:10:37.410Z] Session [9491f900-1567-11e9-a845-75e197288551] - page.settings - {"XSSAuditingEnabled":false,"javascriptCanCloseWindows":true,"javascriptCanOpenWindows":true,"javascriptEnabled":true,"loadImages":true,"localToRemoteUrlAccessEnabled":false,"userAgent":"Mozilla/5.0 (Windows NT 6.1; WOW64) AppleWebKit/538.1 (KHTML, like Gecko) PhantomJS/2.1.1 Safari/538.1","webSecurityEnabled":true}
[INFO  - 2019-01-11T06:10:37.410Z] Session [9491f900-1567-11e9-a845-75e197288551] - page.customHeaders:  - {}
[INFO  - 2019-01-11T06:10:37.719Z] Session [9491f900-1567-11e9-a845-75e197288551] - page.settings - {"XSSAuditingEnabled":false,"javascriptCanCloseWindows":true,"javascriptCanOpenWindows":true,"javascriptEnabled":true,"loadImages":true,"localToRemoteUrlAccessEnabled":false,"userAgent":"Mozilla/5.0 (Windows NT 6.1; WOW64) AppleWebKit/538.1 (KHTML, like Gecko) PhantomJS/2.1.1 Safari/538.1","webSecurityEnabled":true}
[INFO  - 2019-01-11T06:10:37.719Z] Session [9491f900-1567-11e9-a845-75e197288551] - page.customHeaders:  - {}
[INFO  - 2019-01-11T06:10:38.027Z] Session [9491f900-1567-11e9-a845-75e197288551] - page.settings - {"XSSAuditingEnabled":false,"javascriptCanCloseWindows":true,"javascriptCanOpenWindows":true,"javascriptEnabled":true,"loadImages":true,"localToRemoteUrlAccessEnabled":false,"userAgent":"Mozilla/5.0 (Windows NT 6.1; WOW64) AppleWebKit/538.1 (KHTML, like Gecko) PhantomJS/2.1.1 Safari/538.1","webSecurityEnabled":true}
[INFO  - 2019-01-11T06:10:38.027Z] Session [9491f900-1567-11e9-a845-75e197288551] - page.customHeaders:  - {}
[INFO  - 2019-01-11T06:10:38.336Z] Session [9491f900-1567-11e9-a845-75e197288551] - page.settings - {"XSSAuditingEnabled":false,"javascriptCanCloseWindows":true,"javascriptCanOpenWindows":true,"javascriptEnabled":true,"loadImages":true,"localToRemoteUrlAccessEnabled":false,"userAgent":"Mozilla/5.0 (Windows NT 6.1; WOW64) AppleWebKit/538.1 (KHTML, like Gecko) PhantomJS/2.1.1 Safari/538.1","webSecurityEnabled":true}
[INFO  - 2019-01-11T06:10:38.337Z] Session [9491f900-1567-11e9-a845-75e197288551] - page.customHeaders:  - {}
[INFO  - 2019-01-11T06:10:38.646Z] Session [9491f900-1567-11e9-a845-75e197288551] - page.settings - {"XSSAuditingEnabled":false,"javascriptCanCloseWindows":true,"javascriptCanOpenWindows":true,"javascriptEnabled":true,"loadImages":true,"localToRemoteUrlAccessEnabled":false,"userAgent":"Mozilla/5.0 (Windows NT 6.1; WOW64) AppleWebKit/538.1 (KHTML, like Gecko) PhantomJS/2.1.1 Safari/538.1","webSecurityEnabled":true}
[INFO  - 2019-01-11T06:10:38.646Z] Session [9491f900-1567-11e9-a845-75e197288551] - page.customHeaders:  - {}
[INFO  - 2019-01-11T06:10:38.954Z] Session [9491f900-1567-11e9-a845-75e197288551] - page.settings - {"XSSAuditingEnabled":false,"javascriptCanCloseWindows":true,"javascriptCanOpenWindows":true,"javascriptEnabled":true,"loadImages":true,"localToRemoteUrlAccessEnabled":false,"userAgent":"Mozilla/5.0 (Windows NT 6.1; WOW64) AppleWebKit/538.1 (KHTML, like Gecko) PhantomJS/2.1.1 Safari/538.1","webSecurityEnabled":true}
[INFO  - 2019-01-11T06:10:38.955Z] Session [9491f900-1567-11e9-a845-75e197288551] - page.customHeaders:  - {}
[INFO  - 2019-01-11T06:10:39.564Z] Session [9491f900-1567-11e9-a845-75e197288551] - page.settings - {"XSSAuditingEnabled":false,"javascriptCanCloseWindows":true,"javascriptCanOpenWindows":true,"javascriptEnabled":true,"loadImages":true,"localToRemoteUrlAccessEnabled":false,"userAgent":"Mozilla/5.0 (Windows NT 6.1; WOW64) AppleWebKit/538.1 (KHTML, like Gecko) PhantomJS/2.1.1 Safari/538.1","webSecurityEnabled":true}
[INFO  - 2019-01-11T06:10:39.564Z] Session [9491f900-1567-11e9-a845-75e197288551] - page.customHeaders:  - {}
[INFO  - 2019-01-11T06:10:40.174Z] Session [9491f900-1567-11e9-a845-75e197288551] - page.settings - {"XSSAuditingEnabled":false,"javascriptCanCloseWindows":true,"javascriptCanOpenWindows":true,"javascriptEnabled":true,"loadImages":true,"localToRemoteUrlAccessEnabled":false,"userAgent":"Mozilla/5.0 (Windows NT 6.1; WOW64) AppleWebKit/538.1 (KHTML, like Gecko) PhantomJS/2.1.1 Safari/538.1","webSecurityEnabled":true}
[INFO  - 2019-01-11T06:10:40.175Z] Session [9491f900-1567-11e9-a845-75e197288551] - page.customHeaders:  - {}
[INFO  - 2019-01-11T06:10:40.184Z] Session [9491f900-1567-11e9-a845-75e197288551] - page.settings - {"XSSAuditingEnabled":false,"javascriptCanCloseWindows":true,"javascriptCanOpenWindows":true,"javascriptEnabled":true,"loadImages":true,"localToRemoteUrlAccessEnabled":false,"userAgent":"Mozilla/5.0 (Windows NT 6.1; WOW64) AppleWebKit/538.1 (KHTML, like Gecko) PhantomJS/2.1.1 Safari/538.1","webSecurityEnabled":true}
[INFO  - 2019-01-11T06:10:40.184Z] Session [9491f900-1567-11e9-a845-75e197288551] - page.customHeaders:  - {}
[INFO  - 2019-01-11T06:10:40.491Z] Session [9491f900-1567-11e9-a845-75e197288551] - page.settings - {"XSSAuditingEnabled":false,"javascriptCanCloseWindows":true,"javascriptCanOpenWindows":true,"javascriptEnabled":true,"loadImages":true,"localToRemoteUrlAccessEnabled":false,"userAgent":"Mozilla/5.0 (Windows NT 6.1; WOW64) AppleWebKit/538.1 (KHTML, like Gecko) PhantomJS/2.1.1 Safari/538.1","webSecurityEnabled":true}
[INFO  - 2019-01-11T06:10:40.491Z] Session [9491f900-1567-11e9-a845-75e197288551] - page.customHeaders:  - {}
[INFO  - 2019-01-11T06:10:40.799Z] Session [9491f900-1567-11e9-a845-75e197288551] - page.settings - {"XSSAuditingEnabled":false,"javascriptCanCloseWindows":true,"javascriptCanOpenWindows":true,"javascriptEnabled":true,"loadImages":true,"localToRemoteUrlAccessEnabled":false,"userAgent":"Mozilla/5.0 (Windows NT 6.1; WOW64) AppleWebKit/538.1 (KHTML, like Gecko) PhantomJS/2.1.1 Safari/538.1","webSecurityEnabled":true}
[INFO  - 2019-01-11T06:10:40.799Z] Session [9491f900-1567-11e9-a845-75e197288551] - page.customHeaders:  - {}
[INFO  - 2019-01-11T06:10:40.808Z] Session [9491f900-1567-11e9-a845-75e197288551] - page.settings - {"XSSAuditingEnabled":false,"javascriptCanCloseWindows":true,"javascriptCanOpenWindows":true,"javascriptEnabled":true,"loadImages":true,"localToRemoteUrlAccessEnabled":false,"userAgent":"Mozilla/5.0 (Windows NT 6.1; WOW64) AppleWebKit/538.1 (KHTML, like Gecko) PhantomJS/2.1.1 Safari/538.1","webSecurityEnabled":true}
[INFO  - 2019-01-11T06:10:40.808Z] Session [9491f900-1567-11e9-a845-75e197288551] - page.customHeaders:  - {}
[INFO  - 2019-01-11T06:10:41.117Z] Session [9491f900-1567-11e9-a845-75e197288551] - page.settings - {"XSSAuditingEnabled":false,"javascriptCanCloseWindows":true,"javascriptCanOpenWindows":true,"javascriptEnabled":true,"loadImages":true,"localToRemoteUrlAccessEnabled":false,"userAgent":"Mozilla/5.0 (Windows NT 6.1; WOW64) AppleWebKit/538.1 (KHTML, like Gecko) PhantomJS/2.1.1 Safari/538.1","webSecurityEnabled":true}
[INFO  - 2019-01-11T06:10:41.117Z] Session [9491f900-1567-11e9-a845-75e197288551] - page.customHeaders:  - {}
[INFO  - 2019-01-11T06:10:41.426Z] Session [9491f900-1567-11e9-a845-75e197288551] - page.settings - {"XSSAuditingEnabled":false,"javascriptCanCloseWindows":true,"javascriptCanOpenWindows":true,"javascriptEnabled":true,"loadImages":true,"localToRemoteUrlAccessEnabled":false,"userAgent":"Mozilla/5.0 (Windows NT 6.1; WOW64) AppleWebKit/538.1 (KHTML, like Gecko) PhantomJS/2.1.1 Safari/538.1","webSecurityEnabled":true}
[INFO  - 2019-01-11T06:10:41.426Z] Session [9491f900-1567-11e9-a845-75e197288551] - page.customHeaders:  - {}
[INFO  - 2019-01-11T06:10:41.733Z] Session [9491f900-1567-11e9-a845-75e197288551] - page.settings - {"XSSAuditingEnabled":false,"javascriptCanCloseWindows":true,"javascriptCanOpenWindows":true,"javascriptEnabled":true,"loadImages":true,"localToRemoteUrlAccessEnabled":false,"userAgent":"Mozilla/5.0 (Windows NT 6.1; WOW64) AppleWebKit/538.1 (KHTML, like Gecko) PhantomJS/2.1.1 Safari/538.1","webSecurityEnabled":true}
[INFO  - 2019-01-11T06:10:41.733Z] Session [9491f900-1567-11e9-a845-75e197288551] - page.customHeaders:  - {}
[INFO  - 2019-01-11T06:10:42.342Z] Session [9491f900-1567-11e9-a845-75e197288551] - page.settings - {"XSSAuditingEnabled":false,"javascriptCanCloseWindows":true,"javascriptCanOpenWindows":true,"javascriptEnabled":true,"loadImages":true,"localToRemoteUrlAccessEnabled":false,"userAgent":"Mozilla/5.0 (Windows NT 6.1; WOW64) AppleWebKit/538.1 (KHTML, like Gecko) PhantomJS/2.1.1 Safari/538.1","webSecurityEnabled":true}
[INFO  - 2019-01-11T06:10:42.342Z] Session [9491f900-1567-11e9-a845-75e197288551] - page.customHeaders:  - {}
[INFO  - 2019-01-11T06:10:42.351Z] Session [9491f900-1567-11e9-a845-75e197288551] - page.settings - {"XSSAuditingEnabled":false,"javascriptCanCloseWindows":true,"javascriptCanOpenWindows":true,"javascriptEnabled":true,"loadImages":true,"localToRemoteUrlAccessEnabled":false,"userAgent":"Mozilla/5.0 (Windows NT 6.1; WOW64) AppleWebKit/538.1 (KHTML, like Gecko) PhantomJS/2.1.1 Safari/538.1","webSecurityEnabled":true}
[INFO  - 2019-01-11T06:10:42.351Z] Session [9491f900-1567-11e9-a845-75e197288551] - page.customHeaders:  - {}
[INFO  - 2019-01-11T06:10:42.358Z] Session [9491f900-1567-11e9-a845-75e197288551] - page.settings - {"XSSAuditingEnabled":false,"javascriptCanCloseWindows":true,"javascriptCanOpenWindows":true,"javascriptEnabled":true,"loadImages":true,"localToRemoteUrlAccessEnabled":false,"userAgent":"Mozilla/5.0 (Windows NT 6.1; WOW64) AppleWebKit/538.1 (KHTML, like Gecko) PhantomJS/2.1.1 Safari/538.1","webSecurityEnabled":true}
[INFO  - 2019-01-11T06:10:42.358Z] Session [9491f900-1567-11e9-a845-75e197288551] - page.customHeaders:  - {}
[INFO  - 2019-01-11T06:10:42.364Z] Session [9491f900-1567-11e9-a845-75e197288551] - page.settings - {"XSSAuditingEnabled":false,"javascriptCanCloseWindows":true,"javascriptCanOpenWindows":true,"javascriptEnabled":true,"loadImages":true,"localToRemoteUrlAccessEnabled":false,"userAgent":"Mozilla/5.0 (Windows NT 6.1; WOW64) AppleWebKit/538.1 (KHTML, like Gecko) PhantomJS/2.1.1 Safari/538.1","webSecurityEnabled":true}
[INFO  - 2019-01-11T06:10:42.364Z] Session [9491f900-1567-11e9-a845-75e197288551] - page.customHeaders:  - {}
[INFO  - 2019-01-11T06:10:42.373Z] Session [9491f900-1567-11e9-a845-75e197288551] - page.settings - {"XSSAuditingEnabled":false,"javascriptCanCloseWindows":true,"javascriptCanOpenWindows":true,"javascriptEnabled":true,"loadImages":true,"localToRemoteUrlAccessEnabled":false,"userAgent":"Mozilla/5.0 (Windows NT 6.1; WOW64) AppleWebKit/538.1 (KHTML, like Gecko) PhantomJS/2.1.1 Safari/538.1","webSecurityEnabled":true}
[INFO  - 2019-01-11T06:10:42.373Z] Session [9491f900-1567-11e9-a845-75e197288551] - page.customHeaders:  - {}
[INFO  - 2019-01-11T06:10:42.384Z] Session [9491f900-1567-11e9-a845-75e197288551] - page.settings - {"XSSAuditingEnabled":false,"javascriptCanCloseWindows":true,"javascriptCanOpenWindows":true,"javascriptEnabled":true,"loadImages":true,"localToRemoteUrlAccessEnabled":false,"userAgent":"Mozilla/5.0 (Windows NT 6.1; WOW64) AppleWebKit/538.1 (KHTML, like Gecko) PhantomJS/2.1.1 Safari/538.1","webSecurityEnabled":true}
[INFO  - 2019-01-11T06:10:42.384Z] Session [9491f900-1567-11e9-a845-75e197288551] - page.customHeaders:  - {}
[INFO  - 2019-01-11T06:10:42.692Z] Session [9491f900-1567-11e9-a845-75e197288551] - page.settings - {"XSSAuditingEnabled":false,"javascriptCanCloseWindows":true,"javascriptCanOpenWindows":true,"javascriptEnabled":true,"loadImages":true,"localToRemoteUrlAccessEnabled":false,"userAgent":"Mozilla/5.0 (Windows NT 6.1; WOW64) AppleWebKit/538.1 (KHTML, like Gecko) PhantomJS/2.1.1 Safari/538.1","webSecurityEnabled":true}
[INFO  - 2019-01-11T06:10:42.692Z] Session [9491f900-1567-11e9-a845-75e197288551] - page.customHeaders:  - {}
[INFO  - 2019-01-11T06:10:42.999Z] Session [9491f900-1567-11e9-a845-75e197288551] - page.settings - {"XSSAuditingEnabled":false,"javascriptCanCloseWindows":true,"javascriptCanOpenWindows":true,"javascriptEnabled":true,"loadImages":true,"localToRemoteUrlAccessEnabled":false,"userAgent":"Mozilla/5.0 (Windows NT 6.1; WOW64) AppleWebKit/538.1 (KHTML, like Gecko) PhantomJS/2.1.1 Safari/538.1","webSecurityEnabled":true}
[INFO  - 2019-01-11T06:10:42.999Z] Session [9491f900-1567-11e9-a845-75e197288551] - page.customHeaders:  - {}
[INFO  - 2019-01-11T06:10:43.608Z] Session [9491f900-1567-11e9-a845-75e197288551] - page.settings - {"XSSAuditingEnabled":false,"javascriptCanCloseWindows":true,"javascriptCanOpenWindows":true,"javascriptEnabled":true,"loadImages":true,"localToRemoteUrlAccessEnabled":false,"userAgent":"Mozilla/5.0 (Windows NT 6.1; WOW64) AppleWebKit/538.1 (KHTML, like Gecko) PhantomJS/2.1.1 Safari/538.1","webSecurityEnabled":true}
[INFO  - 2019-01-11T06:10:43.608Z] Session [9491f900-1567-11e9-a845-75e197288551] - page.customHeaders:  - {}
[INFO  - 2019-01-11T06:10:43.631Z] Session [9491f900-1567-11e9-a845-75e197288551] - page.settings - {"XSSAuditingEnabled":false,"javascriptCanCloseWindows":true,"javascriptCanOpenWindows":true,"javascriptEnabled":true,"loadImages":true,"localToRemoteUrlAccessEnabled":false,"userAgent":"Mozilla/5.0 (Windows NT 6.1; WOW64) AppleWebKit/538.1 (KHTML, like Gecko) PhantomJS/2.1.1 Safari/538.1","webSecurityEnabled":true}
[INFO  - 2019-01-11T06:10:43.631Z] Session [9491f900-1567-11e9-a845-75e197288551] - page.customHeaders:  - {}
[INFO  - 2019-01-11T06:10:43.939Z] Session [9491f900-1567-11e9-a845-75e197288551] - page.settings - {"XSSAuditingEnabled":false,"javascriptCanCloseWindows":true,"javascriptCanOpenWindows":true,"javascriptEnabled":true,"loadImages":true,"localToRemoteUrlAccessEnabled":false,"userAgent":"Mozilla/5.0 (Windows NT 6.1; WOW64) AppleWebKit/538.1 (KHTML, like Gecko) PhantomJS/2.1.1 Safari/538.1","webSecurityEnabled":true}
[INFO  - 2019-01-11T06:10:43.939Z] Session [9491f900-1567-11e9-a845-75e197288551] - page.customHeaders:  - {}
[INFO  - 2019-01-11T06:10:44.248Z] Session [9491f900-1567-11e9-a845-75e197288551] - page.settings - {"XSSAuditingEnabled":false,"javascriptCanCloseWindows":true,"javascriptCanOpenWindows":true,"javascriptEnabled":true,"loadImages":true,"localToRemoteUrlAccessEnabled":false,"userAgent":"Mozilla/5.0 (Windows NT 6.1; WOW64) AppleWebKit/538.1 (KHTML, like Gecko) PhantomJS/2.1.1 Safari/538.1","webSecurityEnabled":true}
[INFO  - 2019-01-11T06:10:44.248Z] Session [9491f900-1567-11e9-a845-75e197288551] - page.customHeaders:  - {}
[INFO  - 2019-01-11T06:10:44.556Z] Session [9491f900-1567-11e9-a845-75e197288551] - page.settings - {"XSSAuditingEnabled":false,"javascriptCanCloseWindows":true,"javascriptCanOpenWindows":true,"javascriptEnabled":true,"loadImages":true,"localToRemoteUrlAccessEnabled":false,"userAgent":"Mozilla/5.0 (Windows NT 6.1; WOW64) AppleWebKit/538.1 (KHTML, like Gecko) PhantomJS/2.1.1 Safari/538.1","webSecurityEnabled":true}
[INFO  - 2019-01-11T06:10:44.556Z] Session [9491f900-1567-11e9-a845-75e197288551] - page.customHeaders:  - {}
[INFO  - 2019-01-11T06:10:44.862Z] Session [9491f900-1567-11e9-a845-75e197288551] - page.settings - {"XSSAuditingEnabled":false,"javascriptCanCloseWindows":true,"javascriptCanOpenWindows":true,"javascriptEnabled":true,"loadImages":true,"localToRemoteUrlAccessEnabled":false,"userAgent":"Mozilla/5.0 (Windows NT 6.1; WOW64) AppleWebKit/538.1 (KHTML, like Gecko) PhantomJS/2.1.1 Safari/538.1","webSecurityEnabled":true}
[INFO  - 2019-01-11T06:10:44.862Z] Session [9491f900-1567-11e9-a845-75e197288551] - page.customHeaders:  - {}
[INFO  - 2019-01-11T06:10:44.868Z] Session [9491f900-1567-11e9-a845-75e197288551] - page.settings - {"XSSAuditingEnabled":false,"javascriptCanCloseWindows":true,"javascriptCanOpenWindows":true,"javascriptEnabled":true,"loadImages":true,"localToRemoteUrlAccessEnabled":false,"userAgent":"Mozilla/5.0 (Windows NT 6.1; WOW64) AppleWebKit/538.1 (KHTML, like Gecko) PhantomJS/2.1.1 Safari/538.1","webSecurityEnabled":true}
[INFO  - 2019-01-11T06:10:44.868Z] Session [9491f900-1567-11e9-a845-75e197288551] - page.customHeaders:  - {}
[INFO  - 2019-01-11T06:10:45.185Z] Session [9491f900-1567-11e9-a845-75e197288551] - page.settings - {"XSSAuditingEnabled":false,"javascriptCanCloseWindows":true,"javascriptCanOpenWindows":true,"javascriptEnabled":true,"loadImages":true,"localToRemoteUrlAccessEnabled":false,"userAgent":"Mozilla/5.0 (Windows NT 6.1; WOW64) AppleWebKit/538.1 (KHTML, like Gecko) PhantomJS/2.1.1 Safari/538.1","webSecurityEnabled":true}
[INFO  - 2019-01-11T06:10:45.185Z] Session [9491f900-1567-11e9-a845-75e197288551] - page.customHeaders:  - {}
[INFO  - 2019-01-11T06:10:45.206Z] Session [9491f900-1567-11e9-a845-75e197288551] - page.settings - {"XSSAuditingEnabled":false,"javascriptCanCloseWindows":true,"javascriptCanOpenWindows":true,"javascriptEnabled":true,"loadImages":true,"localToRemoteUrlAccessEnabled":false,"userAgent":"Mozilla/5.0 (Windows NT 6.1; WOW64) AppleWebKit/538.1 (KHTML, like Gecko) PhantomJS/2.1.1 Safari/538.1","webSecurityEnabled":true}
[INFO  - 2019-01-11T06:10:45.206Z] Session [9491f900-1567-11e9-a845-75e197288551] - page.customHeaders:  - {}
[INFO  - 2019-01-11T06:10:45.216Z] Session [9491f900-1567-11e9-a845-75e197288551] - page.settings - {"XSSAuditingEnabled":false,"javascriptCanCloseWindows":true,"javascriptCanOpenWindows":true,"javascriptEnabled":true,"loadImages":true,"localToRemoteUrlAccessEnabled":false,"userAgent":"Mozilla/5.0 (Windows NT 6.1; WOW64) AppleWebKit/538.1 (KHTML, like Gecko) PhantomJS/2.1.1 Safari/538.1","webSecurityEnabled":true}
[INFO  - 2019-01-11T06:10:45.216Z] Session [9491f900-1567-11e9-a845-75e197288551] - page.customHeaders:  - {}
[INFO  - 2019-01-11T06:10:45.537Z] Session [9491f900-1567-11e9-a845-75e197288551] - page.settings - {"XSSAuditingEnabled":false,"javascriptCanCloseWindows":true,"javascriptCanOpenWindows":true,"javascriptEnabled":true,"loadImages":true,"localToRemoteUrlAccessEnabled":false,"userAgent":"Mozilla/5.0 (Windows NT 6.1; WOW64) AppleWebKit/538.1 (KHTML, like Gecko) PhantomJS/2.1.1 Safari/538.1","webSecurityEnabled":true}
[INFO  - 2019-01-11T06:10:45.537Z] Session [9491f900-1567-11e9-a845-75e197288551] - page.customHeaders:  - {}
[INFO  - 2019-01-11T06:10:45.543Z] Session [9491f900-1567-11e9-a845-75e197288551] - page.settings - {"XSSAuditingEnabled":false,"javascriptCanCloseWindows":true,"javascriptCanOpenWindows":true,"javascriptEnabled":true,"loadImages":true,"localToRemoteUrlAccessEnabled":false,"userAgent":"Mozilla/5.0 (Windows NT 6.1; WOW64) AppleWebKit/538.1 (KHTML, like Gecko) PhantomJS/2.1.1 Safari/538.1","webSecurityEnabled":true}
[INFO  - 2019-01-11T06:10:45.543Z] Session [9491f900-1567-11e9-a845-75e197288551] - page.customHeaders:  - {}
[INFO  - 2019-01-11T06:10:45.849Z] Session [9491f900-1567-11e9-a845-75e197288551] - page.settings - {"XSSAuditingEnabled":false,"javascriptCanCloseWindows":true,"javascriptCanOpenWindows":true,"javascriptEnabled":true,"loadImages":true,"localToRemoteUrlAccessEnabled":false,"userAgent":"Mozilla/5.0 (Windows NT 6.1; WOW64) AppleWebKit/538.1 (KHTML, like Gecko) PhantomJS/2.1.1 Safari/538.1","webSecurityEnabled":true}
[INFO  - 2019-01-11T06:10:45.849Z] Session [9491f900-1567-11e9-a845-75e197288551] - page.customHeaders:  - {}
[INFO  - 2019-01-11T06:10:45.855Z] Session [9491f900-1567-11e9-a845-75e197288551] - page.settings - {"XSSAuditingEnabled":false,"javascriptCanCloseWindows":true,"javascriptCanOpenWindows":true,"javascriptEnabled":true,"loadImages":true,"localToRemoteUrlAccessEnabled":false,"userAgent":"Mozilla/5.0 (Windows NT 6.1; WOW64) AppleWebKit/538.1 (KHTML, like Gecko) PhantomJS/2.1.1 Safari/538.1","webSecurityEnabled":true}
[INFO  - 2019-01-11T06:10:45.855Z] Session [9491f900-1567-11e9-a845-75e197288551] - page.customHeaders:  - {}
[INFO  - 2019-01-11T06:10:45.861Z] Session [9491f900-1567-11e9-a845-75e197288551] - page.settings - {"XSSAuditingEnabled":false,"javascriptCanCloseWindows":true,"javascriptCanOpenWindows":true,"javascriptEnabled":true,"loadImages":true,"localToRemoteUrlAccessEnabled":false,"userAgent":"Mozilla/5.0 (Windows NT 6.1; WOW64) AppleWebKit/538.1 (KHTML, like Gecko) PhantomJS/2.1.1 Safari/538.1","webSecurityEnabled":true}
[INFO  - 2019-01-11T06:10:45.861Z] Session [9491f900-1567-11e9-a845-75e197288551] - page.customHeaders:  - {}
[INFO  - 2019-01-11T06:10:46.770Z] Session [9491f900-1567-11e9-a845-75e197288551] - page.settings - {"XSSAuditingEnabled":false,"javascriptCanCloseWindows":true,"javascriptCanOpenWindows":true,"javascriptEnabled":true,"loadImages":true,"localToRemoteUrlAccessEnabled":false,"userAgent":"Mozilla/5.0 (Windows NT 6.1; WOW64) AppleWebKit/538.1 (KHTML, like Gecko) PhantomJS/2.1.1 Safari/538.1","webSecurityEnabled":true}
[INFO  - 2019-01-11T06:10:46.770Z] Session [9491f900-1567-11e9-a845-75e197288551] - page.customHeaders:  - {}
[INFO  - 2019-01-11T06:10:46.777Z] Session [9491f900-1567-11e9-a845-75e197288551] - page.settings - {"XSSAuditingEnabled":false,"javascriptCanCloseWindows":true,"javascriptCanOpenWindows":true,"javascriptEnabled":true,"loadImages":true,"localToRemoteUrlAccessEnabled":false,"userAgent":"Mozilla/5.0 (Windows NT 6.1; WOW64) AppleWebKit/538.1 (KHTML, like Gecko) PhantomJS/2.1.1 Safari/538.1","webSecurityEnabled":true}
[INFO  - 2019-01-11T06:10:46.777Z] Session [9491f900-1567-11e9-a845-75e197288551] - page.customHeaders:  - {}
[INFO  - 2019-01-11T06:10:47.084Z] Session [9491f900-1567-11e9-a845-75e197288551] - page.settings - {"XSSAuditingEnabled":false,"javascriptCanCloseWindows":true,"javascriptCanOpenWindows":true,"javascriptEnabled":true,"loadImages":true,"localToRemoteUrlAccessEnabled":false,"userAgent":"Mozilla/5.0 (Windows NT 6.1; WOW64) AppleWebKit/538.1 (KHTML, like Gecko) PhantomJS/2.1.1 Safari/538.1","webSecurityEnabled":true}
[INFO  - 2019-01-11T06:10:47.084Z] Session [9491f900-1567-11e9-a845-75e197288551] - page.customHeaders:  - {}
[INFO  - 2019-01-11T06:10:47.091Z] Session [9491f900-1567-11e9-a845-75e197288551] - page.settings - {"XSSAuditingEnabled":false,"javascriptCanCloseWindows":true,"javascriptCanOpenWindows":true,"javascriptEnabled":true,"loadImages":true,"localToRemoteUrlAccessEnabled":false,"userAgent":"Mozilla/5.0 (Windows NT 6.1; WOW64) AppleWebKit/538.1 (KHTML, like Gecko) PhantomJS/2.1.1 Safari/538.1","webSecurityEnabled":true}
[INFO  - 2019-01-11T06:10:47.091Z] Session [9491f900-1567-11e9-a845-75e197288551] - page.customHeaders:  - {}
[INFO  - 2019-01-11T06:10:47.099Z] Session [9491f900-1567-11e9-a845-75e197288551] - page.settings - {"XSSAuditingEnabled":false,"javascriptCanCloseWindows":true,"javascriptCanOpenWindows":true,"javascriptEnabled":true,"loadImages":true,"localToRemoteUrlAccessEnabled":false,"userAgent":"Mozilla/5.0 (Windows NT 6.1; WOW64) AppleWebKit/538.1 (KHTML, like Gecko) PhantomJS/2.1.1 Safari/538.1","webSecurityEnabled":true}
[INFO  - 2019-01-11T06:10:47.099Z] Session [9491f900-1567-11e9-a845-75e197288551] - page.customHeaders:  - {}
[INFO  - 2019-01-11T06:10:47.435Z] Session [9491f900-1567-11e9-a845-75e197288551] - page.settings - {"XSSAuditingEnabled":false,"javascriptCanCloseWindows":true,"javascriptCanOpenWindows":true,"javascriptEnabled":true,"loadImages":true,"localToRemoteUrlAccessEnabled":false,"userAgent":"Mozilla/5.0 (Windows NT 6.1; WOW64) AppleWebKit/538.1 (KHTML, like Gecko) PhantomJS/2.1.1 Safari/538.1","webSecurityEnabled":true}
[INFO  - 2019-01-11T06:10:47.435Z] Session [9491f900-1567-11e9-a845-75e197288551] - page.customHeaders:  - {}
[INFO  - 2019-01-11T06:10:47.441Z] Session [9491f900-1567-11e9-a845-75e197288551] - page.settings - {"XSSAuditingEnabled":false,"javascriptCanCloseWindows":true,"javascriptCanOpenWindows":true,"javascriptEnabled":true,"loadImages":true,"localToRemoteUrlAccessEnabled":false,"userAgent":"Mozilla/5.0 (Windows NT 6.1; WOW64) AppleWebKit/538.1 (KHTML, like Gecko) PhantomJS/2.1.1 Safari/538.1","webSecurityEnabled":true}
[INFO  - 2019-01-11T06:10:47.441Z] Session [9491f900-1567-11e9-a845-75e197288551] - page.customHeaders:  - {}
[INFO  - 2019-01-11T06:10:47.449Z] Session [9491f900-1567-11e9-a845-75e197288551] - page.settings - {"XSSAuditingEnabled":false,"javascriptCanCloseWindows":true,"javascriptCanOpenWindows":true,"javascriptEnabled":true,"loadImages":true,"localToRemoteUrlAccessEnabled":false,"userAgent":"Mozilla/5.0 (Windows NT 6.1; WOW64) AppleWebKit/538.1 (KHTML, like Gecko) PhantomJS/2.1.1 Safari/538.1","webSecurityEnabled":true}
[INFO  - 2019-01-11T06:10:47.449Z] Session [9491f900-1567-11e9-a845-75e197288551] - page.customHeaders:  - {}
[INFO  - 2019-01-11T06:10:47.757Z] Session [9491f900-1567-11e9-a845-75e197288551] - page.settings - {"XSSAuditingEnabled":false,"javascriptCanCloseWindows":true,"javascriptCanOpenWindows":true,"javascriptEnabled":true,"loadImages":true,"localToRemoteUrlAccessEnabled":false,"userAgent":"Mozilla/5.0 (Windows NT 6.1; WOW64) AppleWebKit/538.1 (KHTML, like Gecko) PhantomJS/2.1.1 Safari/538.1","webSecurityEnabled":true}
[INFO  - 2019-01-11T06:10:47.757Z] Session [9491f900-1567-11e9-a845-75e197288551] - page.customHeaders:  - {}
[INFO  - 2019-01-11T06:10:47.765Z] Session [9491f900-1567-11e9-a845-75e197288551] - page.settings - {"XSSAuditingEnabled":false,"javascriptCanCloseWindows":true,"javascriptCanOpenWindows":true,"javascriptEnabled":true,"loadImages":true,"localToRemoteUrlAccessEnabled":false,"userAgent":"Mozilla/5.0 (Windows NT 6.1; WOW64) AppleWebKit/538.1 (KHTML, like Gecko) PhantomJS/2.1.1 Safari/538.1","webSecurityEnabled":true}
[INFO  - 2019-01-11T06:10:47.765Z] Session [9491f900-1567-11e9-a845-75e197288551] - page.customHeaders:  - {}
[INFO  - 2019-01-11T06:10:47.772Z] Session [9491f900-1567-11e9-a845-75e197288551] - page.settings - {"XSSAuditingEnabled":false,"javascriptCanCloseWindows":true,"javascriptCanOpenWindows":true,"javascriptEnabled":true,"loadImages":true,"localToRemoteUrlAccessEnabled":false,"userAgent":"Mozilla/5.0 (Windows NT 6.1; WOW64) AppleWebKit/538.1 (KHTML, like Gecko) PhantomJS/2.1.1 Safari/538.1","webSecurityEnabled":true}
[INFO  - 2019-01-11T06:10:47.772Z] Session [9491f900-1567-11e9-a845-75e197288551] - page.customHeaders:  - {}
[INFO  - 2019-01-11T06:10:47.778Z] Session [9491f900-1567-11e9-a845-75e197288551] - page.settings - {"XSSAuditingEnabled":false,"javascriptCanCloseWindows":true,"javascriptCanOpenWindows":true,"javascriptEnabled":true,"loadImages":true,"localToRemoteUrlAccessEnabled":false,"userAgent":"Mozilla/5.0 (Windows NT 6.1; WOW64) AppleWebKit/538.1 (KHTML, like Gecko) PhantomJS/2.1.1 Safari/538.1","webSecurityEnabled":true}
[INFO  - 2019-01-11T06:10:47.778Z] Session [9491f900-1567-11e9-a845-75e197288551] - page.customHeaders:  - {}
[INFO  - 2019-01-11T06:10:47.786Z] Session [9491f900-1567-11e9-a845-75e197288551] - page.settings - {"XSSAuditingEnabled":false,"javascriptCanCloseWindows":true,"javascriptCanOpenWindows":true,"javascriptEnabled":true,"loadImages":true,"localToRemoteUrlAccessEnabled":false,"userAgent":"Mozilla/5.0 (Windows NT 6.1; WOW64) AppleWebKit/538.1 (KHTML, like Gecko) PhantomJS/2.1.1 Safari/538.1","webSecurityEnabled":true}
[INFO  - 2019-01-11T06:10:47.786Z] Session [9491f900-1567-11e9-a845-75e197288551] - page.customHeaders:  - {}
[INFO  - 2019-01-11T06:10:48.092Z] Session [9491f900-1567-11e9-a845-75e197288551] - page.settings - {"XSSAuditingEnabled":false,"javascriptCanCloseWindows":true,"javascriptCanOpenWindows":true,"javascriptEnabled":true,"loadImages":true,"localToRemoteUrlAccessEnabled":false,"userAgent":"Mozilla/5.0 (Windows NT 6.1; WOW64) AppleWebKit/538.1 (KHTML, like Gecko) PhantomJS/2.1.1 Safari/538.1","webSecurityEnabled":true}
[INFO  - 2019-01-11T06:10:48.092Z] Session [9491f900-1567-11e9-a845-75e197288551] - page.customHeaders:  - {}
[INFO  - 2019-01-11T06:10:48.098Z] Session [9491f900-1567-11e9-a845-75e197288551] - page.settings - {"XSSAuditingEnabled":false,"javascriptCanCloseWindows":true,"javascriptCanOpenWindows":true,"javascriptEnabled":true,"loadImages":true,"localToRemoteUrlAccessEnabled":false,"userAgent":"Mozilla/5.0 (Windows NT 6.1; WOW64) AppleWebKit/538.1 (KHTML, like Gecko) PhantomJS/2.1.1 Safari/538.1","webSecurityEnabled":true}
[INFO  - 2019-01-11T06:10:48.098Z] Session [9491f900-1567-11e9-a845-75e197288551] - page.customHeaders:  - {}
[INFO  - 2019-01-11T06:10:48.108Z] Session [9491f900-1567-11e9-a845-75e197288551] - page.settings - {"XSSAuditingEnabled":false,"javascriptCanCloseWindows":true,"javascriptCanOpenWindows":true,"javascriptEnabled":true,"loadImages":true,"localToRemoteUrlAccessEnabled":false,"userAgent":"Mozilla/5.0 (Windows NT 6.1; WOW64) AppleWebKit/538.1 (KHTML, like Gecko) PhantomJS/2.1.1 Safari/538.1","webSecurityEnabled":true}
[INFO  - 2019-01-11T06:10:48.108Z] Session [9491f900-1567-11e9-a845-75e197288551] - page.customHeaders:  - {}
[INFO  - 2019-01-11T06:10:48.141Z] Session [9491f900-1567-11e9-a845-75e197288551] - page.settings - {"XSSAuditingEnabled":false,"javascriptCanCloseWindows":true,"javascriptCanOpenWindows":true,"javascriptEnabled":true,"loadImages":true,"localToRemoteUrlAccessEnabled":false,"userAgent":"Mozilla/5.0 (Windows NT 6.1; WOW64) AppleWebKit/538.1 (KHTML, like Gecko) PhantomJS/2.1.1 Safari/538.1","webSecurityEnabled":true}
[INFO  - 2019-01-11T06:10:48.141Z] Session [9491f900-1567-11e9-a845-75e197288551] - page.customHeaders:  - {}
[INFO  - 2019-01-11T06:10:48.149Z] Session [9491f900-1567-11e9-a845-75e197288551] - page.settings - {"XSSAuditingEnabled":false,"javascriptCanCloseWindows":true,"javascriptCanOpenWindows":true,"javascriptEnabled":true,"loadImages":true,"localToRemoteUrlAccessEnabled":false,"userAgent":"Mozilla/5.0 (Windows NT 6.1; WOW64) AppleWebKit/538.1 (KHTML, like Gecko) PhantomJS/2.1.1 Safari/538.1","webSecurityEnabled":true}
[INFO  - 2019-01-11T06:10:48.149Z] Session [9491f900-1567-11e9-a845-75e197288551] - page.customHeaders:  - {}
[INFO  - 2019-01-11T06:10:48.188Z] Session [9491f900-1567-11e9-a845-75e197288551] - page.settings - {"XSSAuditingEnabled":false,"javascriptCanCloseWindows":true,"javascriptCanOpenWindows":true,"javascriptEnabled":true,"loadImages":true,"localToRemoteUrlAccessEnabled":false,"userAgent":"Mozilla/5.0 (Windows NT 6.1; WOW64) AppleWebKit/538.1 (KHTML, like Gecko) PhantomJS/2.1.1 Safari/538.1","webSecurityEnabled":true}
[INFO  - 2019-01-11T06:10:48.188Z] Session [9491f900-1567-11e9-a845-75e197288551] - page.customHeaders:  - {}
[INFO  - 2019-01-11T06:10:48.499Z] Session [9491f900-1567-11e9-a845-75e197288551] - page.settings - {"XSSAuditingEnabled":false,"javascriptCanCloseWindows":true,"javascriptCanOpenWindows":true,"javascriptEnabled":true,"loadImages":true,"localToRemoteUrlAccessEnabled":false,"userAgent":"Mozilla/5.0 (Windows NT 6.1; WOW64) AppleWebKit/538.1 (KHTML, like Gecko) PhantomJS/2.1.1 Safari/538.1","webSecurityEnabled":true}
[INFO  - 2019-01-11T06:10:48.499Z] Session [9491f900-1567-11e9-a845-75e197288551] - page.customHeaders:  - {}
[INFO  - 2019-01-11T06:10:48.508Z] Session [9491f900-1567-11e9-a845-75e197288551] - page.settings - {"XSSAuditingEnabled":false,"javascriptCanCloseWindows":true,"javascriptCanOpenWindows":true,"javascriptEnabled":true,"loadImages":true,"localToRemoteUrlAccessEnabled":false,"userAgent":"Mozilla/5.0 (Windows NT 6.1; WOW64) AppleWebKit/538.1 (KHTML, like Gecko) PhantomJS/2.1.1 Safari/538.1","webSecurityEnabled":true}
[INFO  - 2019-01-11T06:10:48.508Z] Session [9491f900-1567-11e9-a845-75e197288551] - page.customHeaders:  - {}
[INFO  - 2019-01-11T06:10:48.818Z] Session [9491f900-1567-11e9-a845-75e197288551] - page.settings - {"XSSAuditingEnabled":false,"javascriptCanCloseWindows":true,"javascriptCanOpenWindows":true,"javascriptEnabled":true,"loadImages":true,"localToRemoteUrlAccessEnabled":false,"userAgent":"Mozilla/5.0 (Windows NT 6.1; WOW64) AppleWebKit/538.1 (KHTML, like Gecko) PhantomJS/2.1.1 Safari/538.1","webSecurityEnabled":true}
[INFO  - 2019-01-11T06:10:48.818Z] Session [9491f900-1567-11e9-a845-75e197288551] - page.customHeaders:  - {}
[INFO  - 2019-01-11T06:10:48.827Z] Session [9491f900-1567-11e9-a845-75e197288551] - page.settings - {"XSSAuditingEnabled":false,"javascriptCanCloseWindows":true,"javascriptCanOpenWindows":true,"javascriptEnabled":true,"loadImages":true,"localToRemoteUrlAccessEnabled":false,"userAgent":"Mozilla/5.0 (Windows NT 6.1; WOW64) AppleWebKit/538.1 (KHTML, like Gecko) PhantomJS/2.1.1 Safari/538.1","webSecurityEnabled":true}
[INFO  - 2019-01-11T06:10:48.827Z] Session [9491f900-1567-11e9-a845-75e197288551] - page.customHeaders:  - {}
[INFO  - 2019-01-11T06:10:48.835Z] Session [9491f900-1567-11e9-a845-75e197288551] - page.settings - {"XSSAuditingEnabled":false,"javascriptCanCloseWindows":true,"javascriptCanOpenWindows":true,"javascriptEnabled":true,"loadImages":true,"localToRemoteUrlAccessEnabled":false,"userAgent":"Mozilla/5.0 (Windows NT 6.1; WOW64) AppleWebKit/538.1 (KHTML, like Gecko) PhantomJS/2.1.1 Safari/538.1","webSecurityEnabled":true}
[INFO  - 2019-01-11T06:10:48.835Z] Session [9491f900-1567-11e9-a845-75e197288551] - page.customHeaders:  - {}
[INFO  - 2019-01-11T06:10:48.842Z] Session [9491f900-1567-11e9-a845-75e197288551] - page.settings - {"XSSAuditingEnabled":false,"javascriptCanCloseWindows":true,"javascriptCanOpenWindows":true,"javascriptEnabled":true,"loadImages":true,"localToRemoteUrlAccessEnabled":false,"userAgent":"Mozilla/5.0 (Windows NT 6.1; WOW64) AppleWebKit/538.1 (KHTML, like Gecko) PhantomJS/2.1.1 Safari/538.1","webSecurityEnabled":true}
[INFO  - 2019-01-11T06:10:48.842Z] Session [9491f900-1567-11e9-a845-75e197288551] - page.customHeaders:  - {}
[INFO  - 2019-01-11T06:10:48.852Z] Session [9491f900-1567-11e9-a845-75e197288551] - page.settings - {"XSSAuditingEnabled":false,"javascriptCanCloseWindows":true,"javascriptCanOpenWindows":true,"javascriptEnabled":true,"loadImages":true,"localToRemoteUrlAccessEnabled":false,"userAgent":"Mozilla/5.0 (Windows NT 6.1; WOW64) AppleWebKit/538.1 (KHTML, like Gecko) PhantomJS/2.1.1 Safari/538.1","webSecurityEnabled":true}
[INFO  - 2019-01-11T06:10:48.852Z] Session [9491f900-1567-11e9-a845-75e197288551] - page.customHeaders:  - {}
[INFO  - 2019-01-11T06:10:49.160Z] Session [9491f900-1567-11e9-a845-75e197288551] - page.settings - {"XSSAuditingEnabled":false,"javascriptCanCloseWindows":true,"javascriptCanOpenWindows":true,"javascriptEnabled":true,"loadImages":true,"localToRemoteUrlAccessEnabled":false,"userAgent":"Mozilla/5.0 (Windows NT 6.1; WOW64) AppleWebKit/538.1 (KHTML, like Gecko) PhantomJS/2.1.1 Safari/538.1","webSecurityEnabled":true}
[INFO  - 2019-01-11T06:10:49.160Z] Session [9491f900-1567-11e9-a845-75e197288551] - page.customHeaders:  - {}
[INFO  - 2019-01-11T06:10:49.468Z] Session [9491f900-1567-11e9-a845-75e197288551] - page.settings - {"XSSAuditingEnabled":false,"javascriptCanCloseWindows":true,"javascriptCanOpenWindows":true,"javascriptEnabled":true,"loadImages":true,"localToRemoteUrlAccessEnabled":false,"userAgent":"Mozilla/5.0 (Windows NT 6.1; WOW64) AppleWebKit/538.1 (KHTML, like Gecko) PhantomJS/2.1.1 Safari/538.1","webSecurityEnabled":true}
[INFO  - 2019-01-11T06:10:49.468Z] Session [9491f900-1567-11e9-a845-75e197288551] - page.customHeaders:  - {}
[INFO  - 2019-01-11T06:10:49.475Z] Session [9491f900-1567-11e9-a845-75e197288551] - page.settings - {"XSSAuditingEnabled":false,"javascriptCanCloseWindows":true,"javascriptCanOpenWindows":true,"javascriptEnabled":true,"loadImages":true,"localToRemoteUrlAccessEnabled":false,"userAgent":"Mozilla/5.0 (Windows NT 6.1; WOW64) AppleWebKit/538.1 (KHTML, like Gecko) PhantomJS/2.1.1 Safari/538.1","webSecurityEnabled":true}
[INFO  - 2019-01-11T06:10:49.475Z] Session [9491f900-1567-11e9-a845-75e197288551] - page.customHeaders:  - {}
[INFO  - 2019-01-11T06:10:49.482Z] Session [9491f900-1567-11e9-a845-75e197288551] - page.settings - {"XSSAuditingEnabled":false,"javascriptCanCloseWindows":true,"javascriptCanOpenWindows":true,"javascriptEnabled":true,"loadImages":true,"localToRemoteUrlAccessEnabled":false,"userAgent":"Mozilla/5.0 (Windows NT 6.1; WOW64) AppleWebKit/538.1 (KHTML, like Gecko) PhantomJS/2.1.1 Safari/538.1","webSecurityEnabled":true}
[INFO  - 2019-01-11T06:10:49.482Z] Session [9491f900-1567-11e9-a845-75e197288551] - page.customHeaders:  - {}
[INFO  - 2019-01-11T06:10:49.789Z] Session [9491f900-1567-11e9-a845-75e197288551] - page.settings - {"XSSAuditingEnabled":false,"javascriptCanCloseWindows":true,"javascriptCanOpenWindows":true,"javascriptEnabled":true,"loadImages":true,"localToRemoteUrlAccessEnabled":false,"userAgent":"Mozilla/5.0 (Windows NT 6.1; WOW64) AppleWebKit/538.1 (KHTML, like Gecko) PhantomJS/2.1.1 Safari/538.1","webSecurityEnabled":true}
[INFO  - 2019-01-11T06:10:49.789Z] Session [9491f900-1567-11e9-a845-75e197288551] - page.customHeaders:  - {}
[INFO  - 2019-01-11T06:10:49.796Z] Session [9491f900-1567-11e9-a845-75e197288551] - page.settings - {"XSSAuditingEnabled":false,"javascriptCanCloseWindows":true,"javascriptCanOpenWindows":true,"javascriptEnabled":true,"loadImages":true,"localToRemoteUrlAccessEnabled":false,"userAgent":"Mozilla/5.0 (Windows NT 6.1; WOW64) AppleWebKit/538.1 (KHTML, like Gecko) PhantomJS/2.1.1 Safari/538.1","webSecurityEnabled":true}
[INFO  - 2019-01-11T06:10:49.796Z] Session [9491f900-1567-11e9-a845-75e197288551] - page.customHeaders:  - {}
[INFO  - 2019-01-11T06:10:49.804Z] Session [9491f900-1567-11e9-a845-75e197288551] - page.settings - {"XSSAuditingEnabled":false,"javascriptCanCloseWindows":true,"javascriptCanOpenWindows":true,"javascriptEnabled":true,"loadImages":true,"localToRemoteUrlAccessEnabled":false,"userAgent":"Mozilla/5.0 (Windows NT 6.1; WOW64) AppleWebKit/538.1 (KHTML, like Gecko) PhantomJS/2.1.1 Safari/538.1","webSecurityEnabled":true}
[INFO  - 2019-01-11T06:10:49.804Z] Session [9491f900-1567-11e9-a845-75e197288551] - page.customHeaders:  - {}
[INFO  - 2019-01-11T06:10:50.111Z] Session [9491f900-1567-11e9-a845-75e197288551] - page.settings - {"XSSAuditingEnabled":false,"javascriptCanCloseWindows":true,"javascriptCanOpenWindows":true,"javascriptEnabled":true,"loadImages":true,"localToRemoteUrlAccessEnabled":false,"userAgent":"Mozilla/5.0 (Windows NT 6.1; WOW64) AppleWebKit/538.1 (KHTML, like Gecko) PhantomJS/2.1.1 Safari/538.1","webSecurityEnabled":true}
[INFO  - 2019-01-11T06:10:50.111Z] Session [9491f900-1567-11e9-a845-75e197288551] - page.customHeaders:  - {}
[INFO  - 2019-01-11T06:10:50.119Z] Session [9491f900-1567-11e9-a845-75e197288551] - page.settings - {"XSSAuditingEnabled":false,"javascriptCanCloseWindows":true,"javascriptCanOpenWindows":true,"javascriptEnabled":true,"loadImages":true,"localToRemoteUrlAccessEnabled":false,"userAgent":"Mozilla/5.0 (Windows NT 6.1; WOW64) AppleWebKit/538.1 (KHTML, like Gecko) PhantomJS/2.1.1 Safari/538.1","webSecurityEnabled":true}
[INFO  - 2019-01-11T06:10:50.119Z] Session [9491f900-1567-11e9-a845-75e197288551] - page.customHeaders:  - {}
[INFO  - 2019-01-11T06:10:50.425Z] Session [9491f900-1567-11e9-a845-75e197288551] - page.settings - {"XSSAuditingEnabled":false,"javascriptCanCloseWindows":true,"javascriptCanOpenWindows":true,"javascriptEnabled":true,"loadImages":true,"localToRemoteUrlAccessEnabled":false,"userAgent":"Mozilla/5.0 (Windows NT 6.1; WOW64) AppleWebKit/538.1 (KHTML, like Gecko) PhantomJS/2.1.1 Safari/538.1","webSecurityEnabled":true}
[INFO  - 2019-01-11T06:10:50.426Z] Session [9491f900-1567-11e9-a845-75e197288551] - page.customHeaders:  - {}
[INFO  - 2019-01-11T06:10:50.433Z] Session [9491f900-1567-11e9-a845-75e197288551] - page.settings - {"XSSAuditingEnabled":false,"javascriptCanCloseWindows":true,"javascriptCanOpenWindows":true,"javascriptEnabled":true,"loadImages":true,"localToRemoteUrlAccessEnabled":false,"userAgent":"Mozilla/5.0 (Windows NT 6.1; WOW64) AppleWebKit/538.1 (KHTML, like Gecko) PhantomJS/2.1.1 Safari/538.1","webSecurityEnabled":true}
[INFO  - 2019-01-11T06:10:50.433Z] Session [9491f900-1567-11e9-a845-75e197288551] - page.customHeaders:  - {}
[INFO  - 2019-01-11T06:10:50.741Z] Session [9491f900-1567-11e9-a845-75e197288551] - page.settings - {"XSSAuditingEnabled":false,"javascriptCanCloseWindows":true,"javascriptCanOpenWindows":true,"javascriptEnabled":true,"loadImages":true,"localToRemoteUrlAccessEnabled":false,"userAgent":"Mozilla/5.0 (Windows NT 6.1; WOW64) AppleWebKit/538.1 (KHTML, like Gecko) PhantomJS/2.1.1 Safari/538.1","webSecurityEnabled":true}
[INFO  - 2019-01-11T06:10:50.741Z] Session [9491f900-1567-11e9-a845-75e197288551] - page.customHeaders:  - {}
[INFO  - 2019-01-11T06:10:50.748Z] Session [9491f900-1567-11e9-a845-75e197288551] - page.settings - {"XSSAuditingEnabled":false,"javascriptCanCloseWindows":true,"javascriptCanOpenWindows":true,"javascriptEnabled":true,"loadImages":true,"localToRemoteUrlAccessEnabled":false,"userAgent":"Mozilla/5.0 (Windows NT 6.1; WOW64) AppleWebKit/538.1 (KHTML, like Gecko) PhantomJS/2.1.1 Safari/538.1","webSecurityEnabled":true}
[INFO  - 2019-01-11T06:10:50.748Z] Session [9491f900-1567-11e9-a845-75e197288551] - page.customHeaders:  - {}
[INFO  - 2019-01-11T06:10:51.055Z] Session [9491f900-1567-11e9-a845-75e197288551] - page.settings - {"XSSAuditingEnabled":false,"javascriptCanCloseWindows":true,"javascriptCanOpenWindows":true,"javascriptEnabled":true,"loadImages":true,"localToRemoteUrlAccessEnabled":false,"userAgent":"Mozilla/5.0 (Windows NT 6.1; WOW64) AppleWebKit/538.1 (KHTML, like Gecko) PhantomJS/2.1.1 Safari/538.1","webSecurityEnabled":true}
[INFO  - 2019-01-11T06:10:51.055Z] Session [9491f900-1567-11e9-a845-75e197288551] - page.customHeaders:  - {}
[INFO  - 2019-01-11T06:10:51.062Z] Session [9491f900-1567-11e9-a845-75e197288551] - page.settings - {"XSSAuditingEnabled":false,"javascriptCanCloseWindows":true,"javascriptCanOpenWindows":true,"javascriptEnabled":true,"loadImages":true,"localToRemoteUrlAccessEnabled":false,"userAgent":"Mozilla/5.0 (Windows NT 6.1; WOW64) AppleWebKit/538.1 (KHTML, like Gecko) PhantomJS/2.1.1 Safari/538.1","webSecurityEnabled":true}
[INFO  - 2019-01-11T06:10:51.062Z] Session [9491f900-1567-11e9-a845-75e197288551] - page.customHeaders:  - {}
[INFO  - 2019-01-11T06:10:51.969Z] Session [9491f900-1567-11e9-a845-75e197288551] - page.settings - {"XSSAuditingEnabled":false,"javascriptCanCloseWindows":true,"javascriptCanOpenWindows":true,"javascriptEnabled":true,"loadImages":true,"localToRemoteUrlAccessEnabled":false,"userAgent":"Mozilla/5.0 (Windows NT 6.1; WOW64) AppleWebKit/538.1 (KHTML, like Gecko) PhantomJS/2.1.1 Safari/538.1","webSecurityEnabled":true}
[INFO  - 2019-01-11T06:10:51.970Z] Session [9491f900-1567-11e9-a845-75e197288551] - page.customHeaders:  - {}
[INFO  - 2019-01-11T06:10:51.976Z] Session [9491f900-1567-11e9-a845-75e197288551] - page.settings - {"XSSAuditingEnabled":false,"javascriptCanCloseWindows":true,"javascriptCanOpenWindows":true,"javascriptEnabled":true,"loadImages":true,"localToRemoteUrlAccessEnabled":false,"userAgent":"Mozilla/5.0 (Windows NT 6.1; WOW64) AppleWebKit/538.1 (KHTML, like Gecko) PhantomJS/2.1.1 Safari/538.1","webSecurityEnabled":true}
[INFO  - 2019-01-11T06:10:51.976Z] Session [9491f900-1567-11e9-a845-75e197288551] - page.customHeaders:  - {}
[INFO  - 2019-01-11T06:10:51.985Z] Session [9491f900-1567-11e9-a845-75e197288551] - page.settings - {"XSSAuditingEnabled":false,"javascriptCanCloseWindows":true,"javascriptCanOpenWindows":true,"javascriptEnabled":true,"loadImages":true,"localToRemoteUrlAccessEnabled":false,"userAgent":"Mozilla/5.0 (Windows NT 6.1; WOW64) AppleWebKit/538.1 (KHTML, like Gecko) PhantomJS/2.1.1 Safari/538.1","webSecurityEnabled":true}
[INFO  - 2019-01-11T06:10:51.985Z] Session [9491f900-1567-11e9-a845-75e197288551] - page.customHeaders:  - {}
[INFO  - 2019-01-11T06:10:52.293Z] Session [9491f900-1567-11e9-a845-75e197288551] - page.settings - {"XSSAuditingEnabled":false,"javascriptCanCloseWindows":true,"javascriptCanOpenWindows":true,"javascriptEnabled":true,"loadImages":true,"localToRemoteUrlAccessEnabled":false,"userAgent":"Mozilla/5.0 (Windows NT 6.1; WOW64) AppleWebKit/538.1 (KHTML, like Gecko) PhantomJS/2.1.1 Safari/538.1","webSecurityEnabled":true}
[INFO  - 2019-01-11T06:10:52.293Z] Session [9491f900-1567-11e9-a845-75e197288551] - page.customHeaders:  - {}
[INFO  - 2019-01-11T06:10:52.303Z] Session [9491f900-1567-11e9-a845-75e197288551] - page.settings - {"XSSAuditingEnabled":false,"javascriptCanCloseWindows":true,"javascriptCanOpenWindows":true,"javascriptEnabled":true,"loadImages":true,"localToRemoteUrlAccessEnabled":false,"userAgent":"Mozilla/5.0 (Windows NT 6.1; WOW64) AppleWebKit/538.1 (KHTML, like Gecko) PhantomJS/2.1.1 Safari/538.1","webSecurityEnabled":true}
[INFO  - 2019-01-11T06:10:52.303Z] Session [9491f900-1567-11e9-a845-75e197288551] - page.customHeaders:  - {}
[INFO  - 2019-01-11T06:10:52.310Z] Session [9491f900-1567-11e9-a845-75e197288551] - page.settings - {"XSSAuditingEnabled":false,"javascriptCanCloseWindows":true,"javascriptCanOpenWindows":true,"javascriptEnabled":true,"loadImages":true,"localToRemoteUrlAccessEnabled":false,"userAgent":"Mozilla/5.0 (Windows NT 6.1; WOW64) AppleWebKit/538.1 (KHTML, like Gecko) PhantomJS/2.1.1 Safari/538.1","webSecurityEnabled":true}
[INFO  - 2019-01-11T06:10:52.310Z] Session [9491f900-1567-11e9-a845-75e197288551] - page.customHeaders:  - {}
[INFO  - 2019-01-11T06:10:52.316Z] Session [9491f900-1567-11e9-a845-75e197288551] - page.settings - {"XSSAuditingEnabled":false,"javascriptCanCloseWindows":true,"javascriptCanOpenWindows":true,"javascriptEnabled":true,"loadImages":true,"localToRemoteUrlAccessEnabled":false,"userAgent":"Mozilla/5.0 (Windows NT 6.1; WOW64) AppleWebKit/538.1 (KHTML, like Gecko) PhantomJS/2.1.1 Safari/538.1","webSecurityEnabled":true}
[INFO  - 2019-01-11T06:10:52.316Z] Session [9491f900-1567-11e9-a845-75e197288551] - page.customHeaders:  - {}
[INFO  - 2019-01-11T06:10:52.623Z] Session [9491f900-1567-11e9-a845-75e197288551] - page.settings - {"XSSAuditingEnabled":false,"javascriptCanCloseWindows":true,"javascriptCanOpenWindows":true,"javascriptEnabled":true,"loadImages":true,"localToRemoteUrlAccessEnabled":false,"userAgent":"Mozilla/5.0 (Windows NT 6.1; WOW64) AppleWebKit/538.1 (KHTML, like Gecko) PhantomJS/2.1.1 Safari/538.1","webSecurityEnabled":true}
[INFO  - 2019-01-11T06:10:52.623Z] Session [9491f900-1567-11e9-a845-75e197288551] - page.customHeaders:  - {}
[INFO  - 2019-01-11T06:10:52.630Z] Session [9491f900-1567-11e9-a845-75e197288551] - page.settings - {"XSSAuditingEnabled":false,"javascriptCanCloseWindows":true,"javascriptCanOpenWindows":true,"javascriptEnabled":true,"loadImages":true,"localToRemoteUrlAccessEnabled":false,"userAgent":"Mozilla/5.0 (Windows NT 6.1; WOW64) AppleWebKit/538.1 (KHTML, like Gecko) PhantomJS/2.1.1 Safari/538.1","webSecurityEnabled":true}
[INFO  - 2019-01-11T06:10:52.630Z] Session [9491f900-1567-11e9-a845-75e197288551] - page.customHeaders:  - {}
[INFO  - 2019-01-11T06:10:52.937Z] Session [9491f900-1567-11e9-a845-75e197288551] - page.settings - {"XSSAuditingEnabled":false,"javascriptCanCloseWindows":true,"javascriptCanOpenWindows":true,"javascriptEnabled":true,"loadImages":true,"localToRemoteUrlAccessEnabled":false,"userAgent":"Mozilla/5.0 (Windows NT 6.1; WOW64) AppleWebKit/538.1 (KHTML, like Gecko) PhantomJS/2.1.1 Safari/538.1","webSecurityEnabled":true}
[INFO  - 2019-01-11T06:10:52.937Z] Session [9491f900-1567-11e9-a845-75e197288551] - page.customHeaders:  - {}
[INFO  - 2019-01-11T06:10:53.244Z] Session [9491f900-1567-11e9-a845-75e197288551] - page.settings - {"XSSAuditingEnabled":false,"javascriptCanCloseWindows":true,"javascriptCanOpenWindows":true,"javascriptEnabled":true,"loadImages":true,"localToRemoteUrlAccessEnabled":false,"userAgent":"Mozilla/5.0 (Windows NT 6.1; WOW64) AppleWebKit/538.1 (KHTML, like Gecko) PhantomJS/2.1.1 Safari/538.1","webSecurityEnabled":true}
[INFO  - 2019-01-11T06:10:53.244Z] Session [9491f900-1567-11e9-a845-75e197288551] - page.customHeaders:  - {}
[INFO  - 2019-01-11T06:10:53.251Z] Session [9491f900-1567-11e9-a845-75e197288551] - page.settings - {"XSSAuditingEnabled":false,"javascriptCanCloseWindows":true,"javascriptCanOpenWindows":true,"javascriptEnabled":true,"loadImages":true,"localToRemoteUrlAccessEnabled":false,"userAgent":"Mozilla/5.0 (Windows NT 6.1; WOW64) AppleWebKit/538.1 (KHTML, like Gecko) PhantomJS/2.1.1 Safari/538.1","webSecurityEnabled":true}
[INFO  - 2019-01-11T06:10:53.251Z] Session [9491f900-1567-11e9-a845-75e197288551] - page.customHeaders:  - {}
[INFO  - 2019-01-11T06:10:53.557Z] Session [9491f900-1567-11e9-a845-75e197288551] - page.settings - {"XSSAuditingEnabled":false,"javascriptCanCloseWindows":true,"javascriptCanOpenWindows":true,"javascriptEnabled":true,"loadImages":true,"localToRemoteUrlAccessEnabled":false,"userAgent":"Mozilla/5.0 (Windows NT 6.1; WOW64) AppleWebKit/538.1 (KHTML, like Gecko) PhantomJS/2.1.1 Safari/538.1","webSecurityEnabled":true}
[INFO  - 2019-01-11T06:10:53.557Z] Session [9491f900-1567-11e9-a845-75e197288551] - page.customHeaders:  - {}
[INFO  - 2019-01-11T06:10:53.563Z] Session [9491f900-1567-11e9-a845-75e197288551] - page.settings - {"XSSAuditingEnabled":false,"javascriptCanCloseWindows":true,"javascriptCanOpenWindows":true,"javascriptEnabled":true,"loadImages":true,"localToRemoteUrlAccessEnabled":false,"userAgent":"Mozilla/5.0 (Windows NT 6.1; WOW64) AppleWebKit/538.1 (KHTML, like Gecko) PhantomJS/2.1.1 Safari/538.1","webSecurityEnabled":true}
[INFO  - 2019-01-11T06:10:53.563Z] Session [9491f900-1567-11e9-a845-75e197288551] - page.customHeaders:  - {}
[INFO  - 2019-01-11T06:10:53.569Z] Session [9491f900-1567-11e9-a845-75e197288551] - page.settings - {"XSSAuditingEnabled":false,"javascriptCanCloseWindows":true,"javascriptCanOpenWindows":true,"javascriptEnabled":true,"loadImages":true,"localToRemoteUrlAccessEnabled":false,"userAgent":"Mozilla/5.0 (Windows NT 6.1; WOW64) AppleWebKit/538.1 (KHTML, like Gecko) PhantomJS/2.1.1 Safari/538.1","webSecurityEnabled":true}
[INFO  - 2019-01-11T06:10:53.569Z] Session [9491f900-1567-11e9-a845-75e197288551] - page.customHeaders:  - {}
[INFO  - 2019-01-11T06:10:53.575Z] Session [9491f900-1567-11e9-a845-75e197288551] - page.settings - {"XSSAuditingEnabled":false,"javascriptCanCloseWindows":true,"javascriptCanOpenWindows":true,"javascriptEnabled":true,"loadImages":true,"localToRemoteUrlAccessEnabled":false,"userAgent":"Mozilla/5.0 (Windows NT 6.1; WOW64) AppleWebKit/538.1 (KHTML, like Gecko) PhantomJS/2.1.1 Safari/538.1","webSecurityEnabled":true}
[INFO  - 2019-01-11T06:10:53.575Z] Session [9491f900-1567-11e9-a845-75e197288551] - page.customHeaders:  - {}
[INFO  - 2019-01-11T06:10:53.581Z] Session [9491f900-1567-11e9-a845-75e197288551] - page.settings - {"XSSAuditingEnabled":false,"javascriptCanCloseWindows":true,"javascriptCanOpenWindows":true,"javascriptEnabled":true,"loadImages":true,"localToRemoteUrlAccessEnabled":false,"userAgent":"Mozilla/5.0 (Windows NT 6.1; WOW64) AppleWebKit/538.1 (KHTML, like Gecko) PhantomJS/2.1.1 Safari/538.1","webSecurityEnabled":true}
[INFO  - 2019-01-11T06:10:53.581Z] Session [9491f900-1567-11e9-a845-75e197288551] - page.customHeaders:  - {}
[INFO  - 2019-01-11T06:10:53.587Z] Session [9491f900-1567-11e9-a845-75e197288551] - page.settings - {"XSSAuditingEnabled":false,"javascriptCanCloseWindows":true,"javascriptCanOpenWindows":true,"javascriptEnabled":true,"loadImages":true,"localToRemoteUrlAccessEnabled":false,"userAgent":"Mozilla/5.0 (Windows NT 6.1; WOW64) AppleWebKit/538.1 (KHTML, like Gecko) PhantomJS/2.1.1 Safari/538.1","webSecurityEnabled":true}
[INFO  - 2019-01-11T06:10:53.588Z] Session [9491f900-1567-11e9-a845-75e197288551] - page.customHeaders:  - {}
[INFO  - 2019-01-11T06:10:53.895Z] Session [9491f900-1567-11e9-a845-75e197288551] - page.settings - {"XSSAuditingEnabled":false,"javascriptCanCloseWindows":true,"javascriptCanOpenWindows":true,"javascriptEnabled":true,"loadImages":true,"localToRemoteUrlAccessEnabled":false,"userAgent":"Mozilla/5.0 (Windows NT 6.1; WOW64) AppleWebKit/538.1 (KHTML, like Gecko) PhantomJS/2.1.1 Safari/538.1","webSecurityEnabled":true}
[INFO  - 2019-01-11T06:10:53.895Z] Session [9491f900-1567-11e9-a845-75e197288551] - page.customHeaders:  - {}
[INFO  - 2019-01-11T06:10:53.903Z] Session [9491f900-1567-11e9-a845-75e197288551] - page.settings - {"XSSAuditingEnabled":false,"javascriptCanCloseWindows":true,"javascriptCanOpenWindows":true,"javascriptEnabled":true,"loadImages":true,"localToRemoteUrlAccessEnabled":false,"userAgent":"Mozilla/5.0 (Windows NT 6.1; WOW64) AppleWebKit/538.1 (KHTML, like Gecko) PhantomJS/2.1.1 Safari/538.1","webSecurityEnabled":true}
[INFO  - 2019-01-11T06:10:53.903Z] Session [9491f900-1567-11e9-a845-75e197288551] - page.customHeaders:  - {}
[INFO  - 2019-01-11T06:10:54.210Z] Session [9491f900-1567-11e9-a845-75e197288551] - page.settings - {"XSSAuditingEnabled":false,"javascriptCanCloseWindows":true,"javascriptCanOpenWindows":true,"javascriptEnabled":true,"loadImages":true,"localToRemoteUrlAccessEnabled":false,"userAgent":"Mozilla/5.0 (Windows NT 6.1; WOW64) AppleWebKit/538.1 (KHTML, like Gecko) PhantomJS/2.1.1 Safari/538.1","webSecurityEnabled":true}
[INFO  - 2019-01-11T06:10:54.211Z] Session [9491f900-1567-11e9-a845-75e197288551] - page.customHeaders:  - {}
[INFO  - 2019-01-11T06:10:54.217Z] Session [9491f900-1567-11e9-a845-75e197288551] - page.settings - {"XSSAuditingEnabled":false,"javascriptCanCloseWindows":true,"javascriptCanOpenWindows":true,"javascriptEnabled":true,"loadImages":true,"localToRemoteUrlAccessEnabled":false,"userAgent":"Mozilla/5.0 (Windows NT 6.1; WOW64) AppleWebKit/538.1 (KHTML, like Gecko) PhantomJS/2.1.1 Safari/538.1","webSecurityEnabled":true}
[INFO  - 2019-01-11T06:10:54.217Z] Session [9491f900-1567-11e9-a845-75e197288551] - page.customHeaders:  - {}
[INFO  - 2019-01-11T06:10:55.730Z] Session [9491f900-1567-11e9-a845-75e197288551] - page.settings - {"XSSAuditingEnabled":false,"javascriptCanCloseWindows":true,"javascriptCanOpenWindows":true,"javascriptEnabled":true,"loadImages":true,"localToRemoteUrlAccessEnabled":false,"userAgent":"Mozilla/5.0 (Windows NT 6.1; WOW64) AppleWebKit/538.1 (KHTML, like Gecko) PhantomJS/2.1.1 Safari/538.1","webSecurityEnabled":true}
[INFO  - 2019-01-11T06:10:55.730Z] Session [9491f900-1567-11e9-a845-75e197288551] - page.customHeaders:  - {}
[INFO  - 2019-01-11T06:10:55.737Z] Session [9491f900-1567-11e9-a845-75e197288551] - page.settings - {"XSSAuditingEnabled":false,"javascriptCanCloseWindows":true,"javascriptCanOpenWindows":true,"javascriptEnabled":true,"loadImages":true,"localToRemoteUrlAccessEnabled":false,"userAgent":"Mozilla/5.0 (Windows NT 6.1; WOW64) AppleWebKit/538.1 (KHTML, like Gecko) PhantomJS/2.1.1 Safari/538.1","webSecurityEnabled":true}
[INFO  - 2019-01-11T06:10:55.737Z] Session [9491f900-1567-11e9-a845-75e197288551] - page.customHeaders:  - {}
[INFO  - 2019-01-11T06:10:55.743Z] Session [9491f900-1567-11e9-a845-75e197288551] - page.settings - {"XSSAuditingEnabled":false,"javascriptCanCloseWindows":true,"javascriptCanOpenWindows":true,"javascriptEnabled":true,"loadImages":true,"localToRemoteUrlAccessEnabled":false,"userAgent":"Mozilla/5.0 (Windows NT 6.1; WOW64) AppleWebKit/538.1 (KHTML, like Gecko) PhantomJS/2.1.1 Safari/538.1","webSecurityEnabled":true}
[INFO  - 2019-01-11T06:10:55.743Z] Session [9491f900-1567-11e9-a845-75e197288551] - page.customHeaders:  - {}
[INFO  - 2019-01-11T06:10:55.750Z] Session [9491f900-1567-11e9-a845-75e197288551] - page.settings - {"XSSAuditingEnabled":false,"javascriptCanCloseWindows":true,"javascriptCanOpenWindows":true,"javascriptEnabled":true,"loadImages":true,"localToRemoteUrlAccessEnabled":false,"userAgent":"Mozilla/5.0 (Windows NT 6.1; WOW64) AppleWebKit/538.1 (KHTML, like Gecko) PhantomJS/2.1.1 Safari/538.1","webSecurityEnabled":true}
[INFO  - 2019-01-11T06:10:55.750Z] Session [9491f900-1567-11e9-a845-75e197288551] - page.customHeaders:  - {}
[INFO  - 2019-01-11T06:10:55.757Z] Session [9491f900-1567-11e9-a845-75e197288551] - page.settings - {"XSSAuditingEnabled":false,"javascriptCanCloseWindows":true,"javascriptCanOpenWindows":true,"javascriptEnabled":true,"loadImages":true,"localToRemoteUrlAccessEnabled":false,"userAgent":"Mozilla/5.0 (Windows NT 6.1; WOW64) AppleWebKit/538.1 (KHTML, like Gecko) PhantomJS/2.1.1 Safari/538.1","webSecurityEnabled":true}
[INFO  - 2019-01-11T06:10:55.757Z] Session [9491f900-1567-11e9-a845-75e197288551] - page.customHeaders:  - {}
[INFO  - 2019-01-11T06:10:55.765Z] Session [9491f900-1567-11e9-a845-75e197288551] - page.settings - {"XSSAuditingEnabled":false,"javascriptCanCloseWindows":true,"javascriptCanOpenWindows":true,"javascriptEnabled":true,"loadImages":true,"localToRemoteUrlAccessEnabled":false,"userAgent":"Mozilla/5.0 (Windows NT 6.1; WOW64) AppleWebKit/538.1 (KHTML, like Gecko) PhantomJS/2.1.1 Safari/538.1","webSecurityEnabled":true}
[INFO  - 2019-01-11T06:10:55.765Z] Session [9491f900-1567-11e9-a845-75e197288551] - page.customHeaders:  - {}
[INFO  - 2019-01-11T06:10:56.074Z] Session [9491f900-1567-11e9-a845-75e197288551] - page.settings - {"XSSAuditingEnabled":false,"javascriptCanCloseWindows":true,"javascriptCanOpenWindows":true,"javascriptEnabled":true,"loadImages":true,"localToRemoteUrlAccessEnabled":false,"userAgent":"Mozilla/5.0 (Windows NT 6.1; WOW64) AppleWebKit/538.1 (KHTML, like Gecko) PhantomJS/2.1.1 Safari/538.1","webSecurityEnabled":true}
[INFO  - 2019-01-11T06:10:56.074Z] Session [9491f900-1567-11e9-a845-75e197288551] - page.customHeaders:  - {}
[INFO  - 2019-01-11T06:10:56.082Z] Session [9491f900-1567-11e9-a845-75e197288551] - page.settings - {"XSSAuditingEnabled":false,"javascriptCanCloseWindows":true,"javascriptCanOpenWindows":true,"javascriptEnabled":true,"loadImages":true,"localToRemoteUrlAccessEnabled":false,"userAgent":"Mozilla/5.0 (Windows NT 6.1; WOW64) AppleWebKit/538.1 (KHTML, like Gecko) PhantomJS/2.1.1 Safari/538.1","webSecurityEnabled":true}
[INFO  - 2019-01-11T06:10:56.082Z] Session [9491f900-1567-11e9-a845-75e197288551] - page.customHeaders:  - {}
[INFO  - 2019-01-11T06:10:56.090Z] Session [9491f900-1567-11e9-a845-75e197288551] - page.settings - {"XSSAuditingEnabled":false,"javascriptCanCloseWindows":true,"javascriptCanOpenWindows":true,"javascriptEnabled":true,"loadImages":true,"localToRemoteUrlAccessEnabled":false,"userAgent":"Mozilla/5.0 (Windows NT 6.1; WOW64) AppleWebKit/538.1 (KHTML, like Gecko) PhantomJS/2.1.1 Safari/538.1","webSecurityEnabled":true}
[INFO  - 2019-01-11T06:10:56.090Z] Session [9491f900-1567-11e9-a845-75e197288551] - page.customHeaders:  - {}
[INFO  - 2019-01-11T06:10:56.097Z] Session [9491f900-1567-11e9-a845-75e197288551] - page.settings - {"XSSAuditingEnabled":false,"javascriptCanCloseWindows":true,"javascriptCanOpenWindows":true,"javascriptEnabled":true,"loadImages":true,"localToRemoteUrlAccessEnabled":false,"userAgent":"Mozilla/5.0 (Windows NT 6.1; WOW64) AppleWebKit/538.1 (KHTML, like Gecko) PhantomJS/2.1.1 Safari/538.1","webSecurityEnabled":true}
[INFO  - 2019-01-11T06:10:56.097Z] Session [9491f900-1567-11e9-a845-75e197288551] - page.customHeaders:  - {}
[INFO  - 2019-01-11T06:10:56.103Z] Session [9491f900-1567-11e9-a845-75e197288551] - page.settings - {"XSSAuditingEnabled":false,"javascriptCanCloseWindows":true,"javascriptCanOpenWindows":true,"javascriptEnabled":true,"loadImages":true,"localToRemoteUrlAccessEnabled":false,"userAgent":"Mozilla/5.0 (Windows NT 6.1; WOW64) AppleWebKit/538.1 (KHTML, like Gecko) PhantomJS/2.1.1 Safari/538.1","webSecurityEnabled":true}
[INFO  - 2019-01-11T06:10:56.103Z] Session [9491f900-1567-11e9-a845-75e197288551] - page.customHeaders:  - {}
[INFO  - 2019-01-11T06:10:56.110Z] Session [9491f900-1567-11e9-a845-75e197288551] - page.settings - {"XSSAuditingEnabled":false,"javascriptCanCloseWindows":true,"javascriptCanOpenWindows":true,"javascriptEnabled":true,"loadImages":true,"localToRemoteUrlAccessEnabled":false,"userAgent":"Mozilla/5.0 (Windows NT 6.1; WOW64) AppleWebKit/538.1 (KHTML, like Gecko) PhantomJS/2.1.1 Safari/538.1","webSecurityEnabled":true}
[INFO  - 2019-01-11T06:10:56.110Z] Session [9491f900-1567-11e9-a845-75e197288551] - page.customHeaders:  - {}
[INFO  - 2019-01-11T06:10:56.119Z] Session [9491f900-1567-11e9-a845-75e197288551] - page.settings - {"XSSAuditingEnabled":false,"javascriptCanCloseWindows":true,"javascriptCanOpenWindows":true,"javascriptEnabled":true,"loadImages":true,"localToRemoteUrlAccessEnabled":false,"userAgent":"Mozilla/5.0 (Windows NT 6.1; WOW64) AppleWebKit/538.1 (KHTML, like Gecko) PhantomJS/2.1.1 Safari/538.1","webSecurityEnabled":true}
[INFO  - 2019-01-11T06:10:56.119Z] Session [9491f900-1567-11e9-a845-75e197288551] - page.customHeaders:  - {}
[INFO  - 2019-01-11T06:10:56.429Z] Session [9491f900-1567-11e9-a845-75e197288551] - page.settings - {"XSSAuditingEnabled":false,"javascriptCanCloseWindows":true,"javascriptCanOpenWindows":true,"javascriptEnabled":true,"loadImages":true,"localToRemoteUrlAccessEnabled":false,"userAgent":"Mozilla/5.0 (Windows NT 6.1; WOW64) AppleWebKit/538.1 (KHTML, like Gecko) PhantomJS/2.1.1 Safari/538.1","webSecurityEnabled":true}
[INFO  - 2019-01-11T06:10:56.429Z] Session [9491f900-1567-11e9-a845-75e197288551] - page.customHeaders:  - {}
[INFO  - 2019-01-11T06:10:56.436Z] Session [9491f900-1567-11e9-a845-75e197288551] - page.settings - {"XSSAuditingEnabled":false,"javascriptCanCloseWindows":true,"javascriptCanOpenWindows":true,"javascriptEnabled":true,"loadImages":true,"localToRemoteUrlAccessEnabled":false,"userAgent":"Mozilla/5.0 (Windows NT 6.1; WOW64) AppleWebKit/538.1 (KHTML, like Gecko) PhantomJS/2.1.1 Safari/538.1","webSecurityEnabled":true}
[INFO  - 2019-01-11T06:10:56.437Z] Session [9491f900-1567-11e9-a845-75e197288551] - page.customHeaders:  - {}
[INFO  - 2019-01-11T06:10:56.444Z] Session [9491f900-1567-11e9-a845-75e197288551] - page.settings - {"XSSAuditingEnabled":false,"javascriptCanCloseWindows":true,"javascriptCanOpenWindows":true,"javascriptEnabled":true,"loadImages":true,"localToRemoteUrlAccessEnabled":false,"userAgent":"Mozilla/5.0 (Windows NT 6.1; WOW64) AppleWebKit/538.1 (KHTML, like Gecko) PhantomJS/2.1.1 Safari/538.1","webSecurityEnabled":true}
[INFO  - 2019-01-11T06:10:56.444Z] Session [9491f900-1567-11e9-a845-75e197288551] - page.customHeaders:  - {}
[INFO  - 2019-01-11T06:10:56.451Z] Session [9491f900-1567-11e9-a845-75e197288551] - page.settings - {"XSSAuditingEnabled":false,"javascriptCanCloseWindows":true,"javascriptCanOpenWindows":true,"javascriptEnabled":true,"loadImages":true,"localToRemoteUrlAccessEnabled":false,"userAgent":"Mozilla/5.0 (Windows NT 6.1; WOW64) AppleWebKit/538.1 (KHTML, like Gecko) PhantomJS/2.1.1 Safari/538.1","webSecurityEnabled":true}
[INFO  - 2019-01-11T06:10:56.451Z] Session [9491f900-1567-11e9-a845-75e197288551] - page.customHeaders:  - {}
[INFO  - 2019-01-11T06:10:56.459Z] Session [9491f900-1567-11e9-a845-75e197288551] - page.settings - {"XSSAuditingEnabled":false,"javascriptCanCloseWindows":true,"javascriptCanOpenWindows":true,"javascriptEnabled":true,"loadImages":true,"localToRemoteUrlAccessEnabled":false,"userAgent":"Mozilla/5.0 (Windows NT 6.1; WOW64) AppleWebKit/538.1 (KHTML, like Gecko) PhantomJS/2.1.1 Safari/538.1","webSecurityEnabled":true}
[INFO  - 2019-01-11T06:10:56.459Z] Session [9491f900-1567-11e9-a845-75e197288551] - page.customHeaders:  - {}
[INFO  - 2019-01-11T06:10:56.465Z] Session [9491f900-1567-11e9-a845-75e197288551] - page.settings - {"XSSAuditingEnabled":false,"javascriptCanCloseWindows":true,"javascriptCanOpenWindows":true,"javascriptEnabled":true,"loadImages":true,"localToRemoteUrlAccessEnabled":false,"userAgent":"Mozilla/5.0 (Windows NT 6.1; WOW64) AppleWebKit/538.1 (KHTML, like Gecko) PhantomJS/2.1.1 Safari/538.1","webSecurityEnabled":true}
[INFO  - 2019-01-11T06:10:56.465Z] Session [9491f900-1567-11e9-a845-75e197288551] - page.customHeaders:  - {}
[INFO  - 2019-01-11T06:10:56.474Z] Session [9491f900-1567-11e9-a845-75e197288551] - page.settings - {"XSSAuditingEnabled":false,"javascriptCanCloseWindows":true,"javascriptCanOpenWindows":true,"javascriptEnabled":true,"loadImages":true,"localToRemoteUrlAccessEnabled":false,"userAgent":"Mozilla/5.0 (Windows NT 6.1; WOW64) AppleWebKit/538.1 (KHTML, like Gecko) PhantomJS/2.1.1 Safari/538.1","webSecurityEnabled":true}
[INFO  - 2019-01-11T06:10:56.474Z] Session [9491f900-1567-11e9-a845-75e197288551] - page.customHeaders:  - {}
[INFO  - 2019-01-11T06:10:56.781Z] Session [9491f900-1567-11e9-a845-75e197288551] - page.settings - {"XSSAuditingEnabled":false,"javascriptCanCloseWindows":true,"javascriptCanOpenWindows":true,"javascriptEnabled":true,"loadImages":true,"localToRemoteUrlAccessEnabled":false,"userAgent":"Mozilla/5.0 (Windows NT 6.1; WOW64) AppleWebKit/538.1 (KHTML, like Gecko) PhantomJS/2.1.1 Safari/538.1","webSecurityEnabled":true}
[INFO  - 2019-01-11T06:10:56.781Z] Session [9491f900-1567-11e9-a845-75e197288551] - page.customHeaders:  - {}
[INFO  - 2019-01-11T06:10:56.788Z] Session [9491f900-1567-11e9-a845-75e197288551] - page.settings - {"XSSAuditingEnabled":false,"javascriptCanCloseWindows":true,"javascriptCanOpenWindows":true,"javascriptEnabled":true,"loadImages":true,"localToRemoteUrlAccessEnabled":false,"userAgent":"Mozilla/5.0 (Windows NT 6.1; WOW64) AppleWebKit/538.1 (KHTML, like Gecko) PhantomJS/2.1.1 Safari/538.1","webSecurityEnabled":true}
[INFO  - 2019-01-11T06:10:56.788Z] Session [9491f900-1567-11e9-a845-75e197288551] - page.customHeaders:  - {}
[INFO  - 2019-01-11T06:10:57.097Z] Session [9491f900-1567-11e9-a845-75e197288551] - page.settings - {"XSSAuditingEnabled":false,"javascriptCanCloseWindows":true,"javascriptCanOpenWindows":true,"javascriptEnabled":true,"loadImages":true,"localToRemoteUrlAccessEnabled":false,"userAgent":"Mozilla/5.0 (Windows NT 6.1; WOW64) AppleWebKit/538.1 (KHTML, like Gecko) PhantomJS/2.1.1 Safari/538.1","webSecurityEnabled":true}
[INFO  - 2019-01-11T06:10:57.097Z] Session [9491f900-1567-11e9-a845-75e197288551] - page.customHeaders:  - {}
[INFO  - 2019-01-11T06:10:57.105Z] Session [9491f900-1567-11e9-a845-75e197288551] - page.settings - {"XSSAuditingEnabled":false,"javascriptCanCloseWindows":true,"javascriptCanOpenWindows":true,"javascriptEnabled":true,"loadImages":true,"localToRemoteUrlAccessEnabled":false,"userAgent":"Mozilla/5.0 (Windows NT 6.1; WOW64) AppleWebKit/538.1 (KHTML, like Gecko) PhantomJS/2.1.1 Safari/538.1","webSecurityEnabled":true}
[INFO  - 2019-01-11T06:10:57.105Z] Session [9491f900-1567-11e9-a845-75e197288551] - page.customHeaders:  - {}
[INFO  - 2019-01-11T06:10:57.112Z] Session [9491f900-1567-11e9-a845-75e197288551] - page.settings - {"XSSAuditingEnabled":false,"javascriptCanCloseWindows":true,"javascriptCanOpenWindows":true,"javascriptEnabled":true,"loadImages":true,"localToRemoteUrlAccessEnabled":false,"userAgent":"Mozilla/5.0 (Windows NT 6.1; WOW64) AppleWebKit/538.1 (KHTML, like Gecko) PhantomJS/2.1.1 Safari/538.1","webSecurityEnabled":true}
[INFO  - 2019-01-11T06:10:57.112Z] Session [9491f900-1567-11e9-a845-75e197288551] - page.customHeaders:  - {}
[INFO  - 2019-01-11T06:10:57.422Z] Session [9491f900-1567-11e9-a845-75e197288551] - page.settings - {"XSSAuditingEnabled":false,"javascriptCanCloseWindows":true,"javascriptCanOpenWindows":true,"javascriptEnabled":true,"loadImages":true,"localToRemoteUrlAccessEnabled":false,"userAgent":"Mozilla/5.0 (Windows NT 6.1; WOW64) AppleWebKit/538.1 (KHTML, like Gecko) PhantomJS/2.1.1 Safari/538.1","webSecurityEnabled":true}
[INFO  - 2019-01-11T06:10:57.422Z] Session [9491f900-1567-11e9-a845-75e197288551] - page.customHeaders:  - {}
[INFO  - 2019-01-11T06:10:57.431Z] Session [9491f900-1567-11e9-a845-75e197288551] - page.settings - {"XSSAuditingEnabled":false,"javascriptCanCloseWindows":true,"javascriptCanOpenWindows":true,"javascriptEnabled":true,"loadImages":true,"localToRemoteUrlAccessEnabled":false,"userAgent":"Mozilla/5.0 (Windows NT 6.1; WOW64) AppleWebKit/538.1 (KHTML, like Gecko) PhantomJS/2.1.1 Safari/538.1","webSecurityEnabled":true}
[INFO  - 2019-01-11T06:10:57.431Z] Session [9491f900-1567-11e9-a845-75e197288551] - page.customHeaders:  - {}
[INFO  - 2019-01-11T06:10:57.438Z] Session [9491f900-1567-11e9-a845-75e197288551] - page.settings - {"XSSAuditingEnabled":false,"javascriptCanCloseWindows":true,"javascriptCanOpenWindows":true,"javascriptEnabled":true,"loadImages":true,"localToRemoteUrlAccessEnabled":false,"userAgent":"Mozilla/5.0 (Windows NT 6.1; WOW64) AppleWebKit/538.1 (KHTML, like Gecko) PhantomJS/2.1.1 Safari/538.1","webSecurityEnabled":true}
[INFO  - 2019-01-11T06:10:57.438Z] Session [9491f900-1567-11e9-a845-75e197288551] - page.customHeaders:  - {}
[INFO  - 2019-01-11T06:10:57.445Z] Session [9491f900-1567-11e9-a845-75e197288551] - page.settings - {"XSSAuditingEnabled":false,"javascriptCanCloseWindows":true,"javascriptCanOpenWindows":true,"javascriptEnabled":true,"loadImages":true,"localToRemoteUrlAccessEnabled":false,"userAgent":"Mozilla/5.0 (Windows NT 6.1; WOW64) AppleWebKit/538.1 (KHTML, like Gecko) PhantomJS/2.1.1 Safari/538.1","webSecurityEnabled":true}
[INFO  - 2019-01-11T06:10:57.445Z] Session [9491f900-1567-11e9-a845-75e197288551] - page.customHeaders:  - {}
[INFO  - 2019-01-11T06:10:57.454Z] Session [9491f900-1567-11e9-a845-75e197288551] - page.settings - {"XSSAuditingEnabled":false,"javascriptCanCloseWindows":true,"javascriptCanOpenWindows":true,"javascriptEnabled":true,"loadImages":true,"localToRemoteUrlAccessEnabled":false,"userAgent":"Mozilla/5.0 (Windows NT 6.1; WOW64) AppleWebKit/538.1 (KHTML, like Gecko) PhantomJS/2.1.1 Safari/538.1","webSecurityEnabled":true}
[INFO  - 2019-01-11T06:10:57.454Z] Session [9491f900-1567-11e9-a845-75e197288551] - page.customHeaders:  - {}
[INFO  - 2019-01-11T06:10:57.762Z] Session [9491f900-1567-11e9-a845-75e197288551] - page.settings - {"XSSAuditingEnabled":false,"javascriptCanCloseWindows":true,"javascriptCanOpenWindows":true,"javascriptEnabled":true,"loadImages":true,"localToRemoteUrlAccessEnabled":false,"userAgent":"Mozilla/5.0 (Windows NT 6.1; WOW64) AppleWebKit/538.1 (KHTML, like Gecko) PhantomJS/2.1.1 Safari/538.1","webSecurityEnabled":true}
[INFO  - 2019-01-11T06:10:57.762Z] Session [9491f900-1567-11e9-a845-75e197288551] - page.customHeaders:  - {}
[INFO  - 2019-01-11T06:10:57.769Z] Session [9491f900-1567-11e9-a845-75e197288551] - page.settings - {"XSSAuditingEnabled":false,"javascriptCanCloseWindows":true,"javascriptCanOpenWindows":true,"javascriptEnabled":true,"loadImages":true,"localToRemoteUrlAccessEnabled":false,"userAgent":"Mozilla/5.0 (Windows NT 6.1; WOW64) AppleWebKit/538.1 (KHTML, like Gecko) PhantomJS/2.1.1 Safari/538.1","webSecurityEnabled":true}
[INFO  - 2019-01-11T06:10:57.769Z] Session [9491f900-1567-11e9-a845-75e197288551] - page.customHeaders:  - {}
[INFO  - 2019-01-11T06:10:57.778Z] Session [9491f900-1567-11e9-a845-75e197288551] - page.settings - {"XSSAuditingEnabled":false,"javascriptCanCloseWindows":true,"javascriptCanOpenWindows":true,"javascriptEnabled":true,"loadImages":true,"localToRemoteUrlAccessEnabled":false,"userAgent":"Mozilla/5.0 (Windows NT 6.1; WOW64) AppleWebKit/538.1 (KHTML, like Gecko) PhantomJS/2.1.1 Safari/538.1","webSecurityEnabled":true}
[INFO  - 2019-01-11T06:10:57.778Z] Session [9491f900-1567-11e9-a845-75e197288551] - page.customHeaders:  - {}
[INFO  - 2019-01-11T06:10:58.085Z] Session [9491f900-1567-11e9-a845-75e197288551] - page.settings - {"XSSAuditingEnabled":false,"javascriptCanCloseWindows":true,"javascriptCanOpenWindows":true,"javascriptEnabled":true,"loadImages":true,"localToRemoteUrlAccessEnabled":false,"userAgent":"Mozilla/5.0 (Windows NT 6.1; WOW64) AppleWebKit/538.1 (KHTML, like Gecko) PhantomJS/2.1.1 Safari/538.1","webSecurityEnabled":true}
[INFO  - 2019-01-11T06:10:58.085Z] Session [9491f900-1567-11e9-a845-75e197288551] - page.customHeaders:  - {}
[INFO  - 2019-01-11T06:10:58.092Z] Session [9491f900-1567-11e9-a845-75e197288551] - page.settings - {"XSSAuditingEnabled":false,"javascriptCanCloseWindows":true,"javascriptCanOpenWindows":true,"javascriptEnabled":true,"loadImages":true,"localToRemoteUrlAccessEnabled":false,"userAgent":"Mozilla/5.0 (Windows NT 6.1; WOW64) AppleWebKit/538.1 (KHTML, like Gecko) PhantomJS/2.1.1 Safari/538.1","webSecurityEnabled":true}
[INFO  - 2019-01-11T06:10:58.092Z] Session [9491f900-1567-11e9-a845-75e197288551] - page.customHeaders:  - {}
[INFO  - 2019-01-11T06:10:58.099Z] Session [9491f900-1567-11e9-a845-75e197288551] - page.settings - {"XSSAuditingEnabled":false,"javascriptCanCloseWindows":true,"javascriptCanOpenWindows":true,"javascriptEnabled":true,"loadImages":true,"localToRemoteUrlAccessEnabled":false,"userAgent":"Mozilla/5.0 (Windows NT 6.1; WOW64) AppleWebKit/538.1 (KHTML, like Gecko) PhantomJS/2.1.1 Safari/538.1","webSecurityEnabled":true}
[INFO  - 2019-01-11T06:10:58.099Z] Session [9491f900-1567-11e9-a845-75e197288551] - page.customHeaders:  - {}
[INFO  - 2019-01-11T06:10:58.107Z] Session [9491f900-1567-11e9-a845-75e197288551] - page.settings - {"XSSAuditingEnabled":false,"javascriptCanCloseWindows":true,"javascriptCanOpenWindows":true,"javascriptEnabled":true,"loadImages":true,"localToRemoteUrlAccessEnabled":false,"userAgent":"Mozilla/5.0 (Windows NT 6.1; WOW64) AppleWebKit/538.1 (KHTML, like Gecko) PhantomJS/2.1.1 Safari/538.1","webSecurityEnabled":true}
[INFO  - 2019-01-11T06:10:58.107Z] Session [9491f900-1567-11e9-a845-75e197288551] - page.customHeaders:  - {}
[INFO  - 2019-01-11T06:10:58.416Z] Session [9491f900-1567-11e9-a845-75e197288551] - page.settings - {"XSSAuditingEnabled":false,"javascriptCanCloseWindows":true,"javascriptCanOpenWindows":true,"javascriptEnabled":true,"loadImages":true,"localToRemoteUrlAccessEnabled":false,"userAgent":"Mozilla/5.0 (Windows NT 6.1; WOW64) AppleWebKit/538.1 (KHTML, like Gecko) PhantomJS/2.1.1 Safari/538.1","webSecurityEnabled":true}
[INFO  - 2019-01-11T06:10:58.416Z] Session [9491f900-1567-11e9-a845-75e197288551] - page.customHeaders:  - {}
[INFO  - 2019-01-11T06:10:58.423Z] Session [9491f900-1567-11e9-a845-75e197288551] - page.settings - {"XSSAuditingEnabled":false,"javascriptCanCloseWindows":true,"javascriptCanOpenWindows":true,"javascriptEnabled":true,"loadImages":true,"localToRemoteUrlAccessEnabled":false,"userAgent":"Mozilla/5.0 (Windows NT 6.1; WOW64) AppleWebKit/538.1 (KHTML, like Gecko) PhantomJS/2.1.1 Safari/538.1","webSecurityEnabled":true}
[INFO  - 2019-01-11T06:10:58.423Z] Session [9491f900-1567-11e9-a845-75e197288551] - page.customHeaders:  - {}
