2018-12-14  11:06:50  hupu.py INFO 48 爬取时间段：2018-12-07到2018-12-14 
爬取时间段：2018-12-07到2018-12-14
2018-12-14  11:06:50  hupu.py INFO 67 爬取论坛页url:https://bbs.hupu.com/cars-postdate 
爬取论坛页url:https://bbs.hupu.com/cars-postdate
2018-12-14  11:06:50  connectionpool.py DEBUG 823 Starting new HTTPS connection (1): bbs.hupu.com:443 
Starting new HTTPS connection (1): bbs.hupu.com:443
2018-12-14  11:06:50  connectionpool.py DEBUG 393 https://bbs.hupu.com:443 "GET /cars-postdate HTTP/1.1" 200 None 
https://bbs.hupu.com:443 "GET /cars-postdate HTTP/1.1" 200 None
2018-12-14  11:06:50  connectionpool.py DEBUG 823 Starting new HTTPS connection (1): bbs.hupu.com:443 
Starting new HTTPS connection (1): bbs.hupu.com:443
2018-12-14  11:06:50  connectionpool.py DEBUG 393 https://bbs.hupu.com:443 "GET //24723933.html HTTP/1.1" 200 None 
https://bbs.hupu.com:443 "GET //24723933.html HTTP/1.1" 200 None
2018-12-14  11:06:50  hupu.py INFO 117 获取帖子的详细信息url:https://bbs.hupu.com//24723933.html 
获取帖子的详细信息url:https://bbs.hupu.com//24723933.html
2018-12-14  11:06:50  hupu.py INFO 98 爬取URL：https://bbs.hupu.com//24723933.html 
爬取URL：https://bbs.hupu.com//24723933.html
2018-12-14  11:06:50  connectionpool.py DEBUG 823 Starting new HTTPS connection (1): bbs.hupu.com:443 
Starting new HTTPS connection (1): bbs.hupu.com:443
2018-12-14  11:06:50  connectionpool.py DEBUG 393 https://bbs.hupu.com:443 "GET //24723868.html HTTP/1.1" 200 None 
https://bbs.hupu.com:443 "GET //24723868.html HTTP/1.1" 200 None
2018-12-14  11:06:50  hupu.py INFO 117 获取帖子的详细信息url:https://bbs.hupu.com//24723868.html 
获取帖子的详细信息url:https://bbs.hupu.com//24723868.html
2018-12-14  11:06:50  hupu.py INFO 98 爬取URL：https://bbs.hupu.com//24723868.html 
爬取URL：https://bbs.hupu.com//24723868.html
2018-12-14  11:06:50  connectionpool.py DEBUG 823 Starting new HTTPS connection (1): bbs.hupu.com:443 
Starting new HTTPS connection (1): bbs.hupu.com:443
2018-12-14  11:06:51  connectionpool.py DEBUG 393 https://bbs.hupu.com:443 "GET //24723619.html HTTP/1.1" 200 None 
https://bbs.hupu.com:443 "GET //24723619.html HTTP/1.1" 200 None
2018-12-14  11:06:51  hupu.py INFO 117 获取帖子的详细信息url:https://bbs.hupu.com//24723619.html 
获取帖子的详细信息url:https://bbs.hupu.com//24723619.html
2018-12-14  11:06:51  hupu.py INFO 98 爬取URL：https://bbs.hupu.com//24723619.html 
爬取URL：https://bbs.hupu.com//24723619.html
2018-12-14  11:06:51  connectionpool.py DEBUG 823 Starting new HTTPS connection (1): bbs.hupu.com:443 
Starting new HTTPS connection (1): bbs.hupu.com:443
2018-12-14  11:06:51  connectionpool.py DEBUG 393 https://bbs.hupu.com:443 "GET //24723510.html HTTP/1.1" 200 None 
https://bbs.hupu.com:443 "GET //24723510.html HTTP/1.1" 200 None
2018-12-14  11:06:51  hupu.py INFO 117 获取帖子的详细信息url:https://bbs.hupu.com//24723510.html 
获取帖子的详细信息url:https://bbs.hupu.com//24723510.html
2018-12-14  11:06:51  hupu.py INFO 98 爬取URL：https://bbs.hupu.com//24723510.html 
爬取URL：https://bbs.hupu.com//24723510.html
2018-12-14  11:06:51  connectionpool.py DEBUG 823 Starting new HTTPS connection (1): bbs.hupu.com:443 
Starting new HTTPS connection (1): bbs.hupu.com:443
2018-12-14  11:06:51  connectionpool.py DEBUG 393 https://bbs.hupu.com:443 "GET //24723502.html HTTP/1.1" 200 None 
https://bbs.hupu.com:443 "GET //24723502.html HTTP/1.1" 200 None
2018-12-14  11:06:51  hupu.py INFO 117 获取帖子的详细信息url:https://bbs.hupu.com//24723502.html 
获取帖子的详细信息url:https://bbs.hupu.com//24723502.html
2018-12-14  11:06:51  hupu.py INFO 98 爬取URL：https://bbs.hupu.com//24723502.html 
爬取URL：https://bbs.hupu.com//24723502.html
2018-12-14  11:06:51  connectionpool.py DEBUG 823 Starting new HTTPS connection (1): bbs.hupu.com:443 
Starting new HTTPS connection (1): bbs.hupu.com:443
2018-12-14  11:06:51  connectionpool.py DEBUG 393 https://bbs.hupu.com:443 "GET //24723367.html HTTP/1.1" 200 None 
https://bbs.hupu.com:443 "GET //24723367.html HTTP/1.1" 200 None
2018-12-14  11:06:51  hupu.py INFO 117 获取帖子的详细信息url:https://bbs.hupu.com//24723367.html 
获取帖子的详细信息url:https://bbs.hupu.com//24723367.html
2018-12-14  11:06:51  hupu.py INFO 98 爬取URL：https://bbs.hupu.com//24723367.html 
爬取URL：https://bbs.hupu.com//24723367.html
2018-12-14  11:06:51  connectionpool.py DEBUG 823 Starting new HTTPS connection (1): bbs.hupu.com:443 
Starting new HTTPS connection (1): bbs.hupu.com:443
2018-12-14  11:06:52  connectionpool.py DEBUG 393 https://bbs.hupu.com:443 "GET //24723261.html HTTP/1.1" 200 None 
https://bbs.hupu.com:443 "GET //24723261.html HTTP/1.1" 200 None
2018-12-14  11:06:52  hupu.py INFO 117 获取帖子的详细信息url:https://bbs.hupu.com//24723261.html 
获取帖子的详细信息url:https://bbs.hupu.com//24723261.html
2018-12-14  11:06:52  hupu.py INFO 98 爬取URL：https://bbs.hupu.com//24723261.html 
爬取URL：https://bbs.hupu.com//24723261.html
2018-12-14  11:06:52  connectionpool.py DEBUG 823 Starting new HTTPS connection (1): bbs.hupu.com:443 
Starting new HTTPS connection (1): bbs.hupu.com:443
2018-12-14  11:06:52  connectionpool.py DEBUG 393 https://bbs.hupu.com:443 "GET //24723175.html HTTP/1.1" 200 None 
https://bbs.hupu.com:443 "GET //24723175.html HTTP/1.1" 200 None
2018-12-14  11:06:52  hupu.py INFO 117 获取帖子的详细信息url:https://bbs.hupu.com//24723175.html 
获取帖子的详细信息url:https://bbs.hupu.com//24723175.html
2018-12-14  11:06:52  hupu.py INFO 98 爬取URL：https://bbs.hupu.com//24723175.html 
爬取URL：https://bbs.hupu.com//24723175.html
2018-12-14  11:06:52  connectionpool.py DEBUG 823 Starting new HTTPS connection (1): bbs.hupu.com:443 
Starting new HTTPS connection (1): bbs.hupu.com:443
2018-12-14  11:06:52  connectionpool.py DEBUG 393 https://bbs.hupu.com:443 "GET //24723113.html HTTP/1.1" 200 None 
https://bbs.hupu.com:443 "GET //24723113.html HTTP/1.1" 200 None
2018-12-14  11:06:52  hupu.py INFO 117 获取帖子的详细信息url:https://bbs.hupu.com//24723113.html 
获取帖子的详细信息url:https://bbs.hupu.com//24723113.html
2018-12-14  11:06:52  hupu.py INFO 98 爬取URL：https://bbs.hupu.com//24723113.html 
爬取URL：https://bbs.hupu.com//24723113.html
2018-12-14  11:06:52  connectionpool.py DEBUG 823 Starting new HTTPS connection (1): bbs.hupu.com:443 
Starting new HTTPS connection (1): bbs.hupu.com:443
2018-12-14  11:06:53  connectionpool.py DEBUG 393 https://bbs.hupu.com:443 "GET //24723085.html HTTP/1.1" 200 None 
https://bbs.hupu.com:443 "GET //24723085.html HTTP/1.1" 200 None
2018-12-14  11:06:53  hupu.py INFO 117 获取帖子的详细信息url:https://bbs.hupu.com//24723085.html 
获取帖子的详细信息url:https://bbs.hupu.com//24723085.html
2018-12-14  11:06:53  hupu.py INFO 98 爬取URL：https://bbs.hupu.com//24723085.html 
爬取URL：https://bbs.hupu.com//24723085.html
2018-12-14  11:06:53  connectionpool.py DEBUG 823 Starting new HTTPS connection (1): bbs.hupu.com:443 
Starting new HTTPS connection (1): bbs.hupu.com:443
2018-12-14  11:06:53  connectionpool.py DEBUG 393 https://bbs.hupu.com:443 "GET //24723057.html HTTP/1.1" 200 None 
https://bbs.hupu.com:443 "GET //24723057.html HTTP/1.1" 200 None
2018-12-14  11:06:53  hupu.py INFO 117 获取帖子的详细信息url:https://bbs.hupu.com//24723057.html 
获取帖子的详细信息url:https://bbs.hupu.com//24723057.html
2018-12-14  11:06:53  hupu.py INFO 98 爬取URL：https://bbs.hupu.com//24723057.html 
爬取URL：https://bbs.hupu.com//24723057.html
2018-12-14  11:06:53  connectionpool.py DEBUG 823 Starting new HTTPS connection (1): bbs.hupu.com:443 
Starting new HTTPS connection (1): bbs.hupu.com:443
2018-12-14  11:06:53  connectionpool.py DEBUG 393 https://bbs.hupu.com:443 "GET //24723056.html HTTP/1.1" 200 None 
https://bbs.hupu.com:443 "GET //24723056.html HTTP/1.1" 200 None
2018-12-14  11:06:53  hupu.py INFO 117 获取帖子的详细信息url:https://bbs.hupu.com//24723056.html 
获取帖子的详细信息url:https://bbs.hupu.com//24723056.html
2018-12-14  11:06:53  hupu.py INFO 98 爬取URL：https://bbs.hupu.com//24723056.html 
爬取URL：https://bbs.hupu.com//24723056.html
2018-12-14  11:06:53  connectionpool.py DEBUG 823 Starting new HTTPS connection (1): bbs.hupu.com:443 
Starting new HTTPS connection (1): bbs.hupu.com:443
2018-12-14  11:06:53  connectionpool.py DEBUG 393 https://bbs.hupu.com:443 "GET //24723014.html HTTP/1.1" 200 None 
https://bbs.hupu.com:443 "GET //24723014.html HTTP/1.1" 200 None
2018-12-14  11:06:53  hupu.py INFO 117 获取帖子的详细信息url:https://bbs.hupu.com//24723014.html 
获取帖子的详细信息url:https://bbs.hupu.com//24723014.html
2018-12-14  11:06:53  hupu.py INFO 98 爬取URL：https://bbs.hupu.com//24723014.html 
爬取URL：https://bbs.hupu.com//24723014.html
2018-12-14  11:06:53  connectionpool.py DEBUG 823 Starting new HTTPS connection (1): bbs.hupu.com:443 
Starting new HTTPS connection (1): bbs.hupu.com:443
2018-12-14  11:06:54  connectionpool.py DEBUG 393 https://bbs.hupu.com:443 "GET //24722926.html HTTP/1.1" 200 None 
https://bbs.hupu.com:443 "GET //24722926.html HTTP/1.1" 200 None
2018-12-14  11:06:54  hupu.py INFO 117 获取帖子的详细信息url:https://bbs.hupu.com//24722926.html 
获取帖子的详细信息url:https://bbs.hupu.com//24722926.html
2018-12-14  11:06:54  hupu.py INFO 98 爬取URL：https://bbs.hupu.com//24722926.html 
爬取URL：https://bbs.hupu.com//24722926.html
2018-12-14  11:06:54  connectionpool.py DEBUG 823 Starting new HTTPS connection (1): bbs.hupu.com:443 
Starting new HTTPS connection (1): bbs.hupu.com:443
2018-12-14  11:06:54  connectionpool.py DEBUG 393 https://bbs.hupu.com:443 "GET //24722905.html HTTP/1.1" 200 None 
https://bbs.hupu.com:443 "GET //24722905.html HTTP/1.1" 200 None
2018-12-14  11:06:54  hupu.py INFO 117 获取帖子的详细信息url:https://bbs.hupu.com//24722905.html 
获取帖子的详细信息url:https://bbs.hupu.com//24722905.html
2018-12-14  11:06:54  hupu.py INFO 98 爬取URL：https://bbs.hupu.com//24722905.html 
爬取URL：https://bbs.hupu.com//24722905.html
2018-12-14  11:06:54  connectionpool.py DEBUG 823 Starting new HTTPS connection (1): bbs.hupu.com:443 
Starting new HTTPS connection (1): bbs.hupu.com:443
2018-12-14  11:06:54  connectionpool.py DEBUG 393 https://bbs.hupu.com:443 "GET //24722777.html HTTP/1.1" 200 None 
https://bbs.hupu.com:443 "GET //24722777.html HTTP/1.1" 200 None
2018-12-14  11:06:54  hupu.py INFO 117 获取帖子的详细信息url:https://bbs.hupu.com//24722777.html 
获取帖子的详细信息url:https://bbs.hupu.com//24722777.html
2018-12-14  11:06:54  hupu.py INFO 98 爬取URL：https://bbs.hupu.com//24722777.html 
爬取URL：https://bbs.hupu.com//24722777.html
2018-12-14  11:06:54  connectionpool.py DEBUG 823 Starting new HTTPS connection (1): bbs.hupu.com:443 
Starting new HTTPS connection (1): bbs.hupu.com:443
2018-12-14  11:06:54  connectionpool.py DEBUG 393 https://bbs.hupu.com:443 "GET //24722719.html HTTP/1.1" 200 None 
https://bbs.hupu.com:443 "GET //24722719.html HTTP/1.1" 200 None
2018-12-14  11:06:54  hupu.py INFO 117 获取帖子的详细信息url:https://bbs.hupu.com//24722719.html 
获取帖子的详细信息url:https://bbs.hupu.com//24722719.html
2018-12-14  11:06:54  hupu.py INFO 98 爬取URL：https://bbs.hupu.com//24722719.html 
爬取URL：https://bbs.hupu.com//24722719.html
2018-12-14  11:06:54  connectionpool.py DEBUG 823 Starting new HTTPS connection (1): bbs.hupu.com:443 
Starting new HTTPS connection (1): bbs.hupu.com:443
2018-12-14  11:06:55  connectionpool.py DEBUG 393 https://bbs.hupu.com:443 "GET //24722713.html HTTP/1.1" 200 None 
https://bbs.hupu.com:443 "GET //24722713.html HTTP/1.1" 200 None
2018-12-14  11:06:55  hupu.py INFO 117 获取帖子的详细信息url:https://bbs.hupu.com//24722713.html 
获取帖子的详细信息url:https://bbs.hupu.com//24722713.html
2018-12-14  11:06:55  hupu.py INFO 98 爬取URL：https://bbs.hupu.com//24722713.html 
爬取URL：https://bbs.hupu.com//24722713.html
2018-12-14  11:06:55  connectionpool.py DEBUG 823 Starting new HTTPS connection (1): bbs.hupu.com:443 
Starting new HTTPS connection (1): bbs.hupu.com:443
2018-12-14  11:06:55  connectionpool.py DEBUG 393 https://bbs.hupu.com:443 "GET //24722573.html HTTP/1.1" 200 None 
https://bbs.hupu.com:443 "GET //24722573.html HTTP/1.1" 200 None
2018-12-14  11:06:55  hupu.py INFO 117 获取帖子的详细信息url:https://bbs.hupu.com//24722573.html 
获取帖子的详细信息url:https://bbs.hupu.com//24722573.html
2018-12-14  11:06:55  hupu.py INFO 98 爬取URL：https://bbs.hupu.com//24722573.html 
爬取URL：https://bbs.hupu.com//24722573.html
2018-12-14  11:06:57  connectionpool.py DEBUG 823 Starting new HTTPS connection (1): bbs.hupu.com:443 
Starting new HTTPS connection (1): bbs.hupu.com:443
2018-12-14  11:06:58  connectionpool.py DEBUG 393 https://bbs.hupu.com:443 "GET //24722573-2.html HTTP/1.1" 200 None 
https://bbs.hupu.com:443 "GET //24722573-2.html HTTP/1.1" 200 None
2018-12-14  11:06:58  hupu.py INFO 117 获取帖子的详细信息url:https://bbs.hupu.com//24722573-2.html 
获取帖子的详细信息url:https://bbs.hupu.com//24722573-2.html
2018-12-14  11:06:58  hupu.py INFO 105 爬取URL：https://bbs.hupu.com//24722573.html 
爬取URL：https://bbs.hupu.com//24722573.html
2018-12-14  11:06:58  connectionpool.py DEBUG 823 Starting new HTTPS connection (1): bbs.hupu.com:443 
Starting new HTTPS connection (1): bbs.hupu.com:443
2018-12-14  11:06:58  connectionpool.py DEBUG 393 https://bbs.hupu.com:443 "GET //24722527.html HTTP/1.1" 200 None 
https://bbs.hupu.com:443 "GET //24722527.html HTTP/1.1" 200 None
2018-12-14  11:06:58  hupu.py INFO 117 获取帖子的详细信息url:https://bbs.hupu.com//24722527.html 
获取帖子的详细信息url:https://bbs.hupu.com//24722527.html
2018-12-14  11:06:58  hupu.py INFO 98 爬取URL：https://bbs.hupu.com//24722527.html 
爬取URL：https://bbs.hupu.com//24722527.html
2018-12-14  11:07:00  connectionpool.py DEBUG 823 Starting new HTTPS connection (1): bbs.hupu.com:443 
Starting new HTTPS connection (1): bbs.hupu.com:443
2018-12-14  11:07:00  connectionpool.py DEBUG 393 https://bbs.hupu.com:443 "GET //24722527-2.html HTTP/1.1" 200 None 
https://bbs.hupu.com:443 "GET //24722527-2.html HTTP/1.1" 200 None
2018-12-14  11:07:00  hupu.py INFO 117 获取帖子的详细信息url:https://bbs.hupu.com//24722527-2.html 
获取帖子的详细信息url:https://bbs.hupu.com//24722527-2.html
2018-12-14  11:07:00  hupu.py INFO 105 爬取URL：https://bbs.hupu.com//24722527.html 
爬取URL：https://bbs.hupu.com//24722527.html
2018-12-14  11:07:00  connectionpool.py DEBUG 823 Starting new HTTPS connection (1): bbs.hupu.com:443 
Starting new HTTPS connection (1): bbs.hupu.com:443
2018-12-14  11:07:01  connectionpool.py DEBUG 393 https://bbs.hupu.com:443 "GET //24722486.html HTTP/1.1" 200 None 
https://bbs.hupu.com:443 "GET //24722486.html HTTP/1.1" 200 None
2018-12-14  11:07:01  hupu.py INFO 117 获取帖子的详细信息url:https://bbs.hupu.com//24722486.html 
获取帖子的详细信息url:https://bbs.hupu.com//24722486.html
2018-12-14  11:07:01  hupu.py INFO 98 爬取URL：https://bbs.hupu.com//24722486.html 
爬取URL：https://bbs.hupu.com//24722486.html
2018-12-14  11:07:01  connectionpool.py DEBUG 823 Starting new HTTPS connection (1): bbs.hupu.com:443 
Starting new HTTPS connection (1): bbs.hupu.com:443
2018-12-14  11:07:02  connectionpool.py DEBUG 393 https://bbs.hupu.com:443 "GET //24722428.html HTTP/1.1" 200 None 
https://bbs.hupu.com:443 "GET //24722428.html HTTP/1.1" 200 None
2018-12-14  11:07:02  hupu.py INFO 117 获取帖子的详细信息url:https://bbs.hupu.com//24722428.html 
获取帖子的详细信息url:https://bbs.hupu.com//24722428.html
2018-12-14  11:07:02  hupu.py INFO 98 爬取URL：https://bbs.hupu.com//24722428.html 
爬取URL：https://bbs.hupu.com//24722428.html
2018-12-14  11:07:04  connectionpool.py DEBUG 823 Starting new HTTPS connection (1): bbs.hupu.com:443 
Starting new HTTPS connection (1): bbs.hupu.com:443
2018-12-14  11:07:04  connectionpool.py DEBUG 393 https://bbs.hupu.com:443 "GET //24722428-2.html HTTP/1.1" 200 None 
https://bbs.hupu.com:443 "GET //24722428-2.html HTTP/1.1" 200 None
2018-12-14  11:07:04  hupu.py INFO 117 获取帖子的详细信息url:https://bbs.hupu.com//24722428-2.html 
获取帖子的详细信息url:https://bbs.hupu.com//24722428-2.html
2018-12-14  11:07:04  hupu.py INFO 105 爬取URL：https://bbs.hupu.com//24722428.html 
爬取URL：https://bbs.hupu.com//24722428.html
2018-12-14  11:07:04  connectionpool.py DEBUG 823 Starting new HTTPS connection (1): bbs.hupu.com:443 
Starting new HTTPS connection (1): bbs.hupu.com:443
2018-12-14  11:07:05  connectionpool.py DEBUG 393 https://bbs.hupu.com:443 "GET //24722410.html HTTP/1.1" 200 None 
https://bbs.hupu.com:443 "GET //24722410.html HTTP/1.1" 200 None
2018-12-14  11:07:05  hupu.py INFO 117 获取帖子的详细信息url:https://bbs.hupu.com//24722410.html 
获取帖子的详细信息url:https://bbs.hupu.com//24722410.html
2018-12-14  11:07:05  hupu.py INFO 98 爬取URL：https://bbs.hupu.com//24722410.html 
爬取URL：https://bbs.hupu.com//24722410.html
2018-12-14  11:07:05  connectionpool.py DEBUG 823 Starting new HTTPS connection (1): bbs.hupu.com:443 
Starting new HTTPS connection (1): bbs.hupu.com:443
2018-12-14  11:07:07  connectionpool.py DEBUG 393 https://bbs.hupu.com:443 "GET //24722381.html HTTP/1.1" 200 None 
https://bbs.hupu.com:443 "GET //24722381.html HTTP/1.1" 200 None
2018-12-14  11:07:07  hupu.py INFO 117 获取帖子的详细信息url:https://bbs.hupu.com//24722381.html 
获取帖子的详细信息url:https://bbs.hupu.com//24722381.html
2018-12-14  11:07:07  hupu.py INFO 98 爬取URL：https://bbs.hupu.com//24722381.html 
爬取URL：https://bbs.hupu.com//24722381.html
2018-12-14  11:07:07  connectionpool.py DEBUG 823 Starting new HTTPS connection (1): bbs.hupu.com:443 
Starting new HTTPS connection (1): bbs.hupu.com:443
2018-12-14  11:07:08  connectionpool.py DEBUG 393 https://bbs.hupu.com:443 "GET //24722360.html HTTP/1.1" 200 None 
https://bbs.hupu.com:443 "GET //24722360.html HTTP/1.1" 200 None
2018-12-14  11:07:08  hupu.py INFO 117 获取帖子的详细信息url:https://bbs.hupu.com//24722360.html 
获取帖子的详细信息url:https://bbs.hupu.com//24722360.html
2018-12-14  11:07:08  hupu.py INFO 98 爬取URL：https://bbs.hupu.com//24722360.html 
爬取URL：https://bbs.hupu.com//24722360.html
2018-12-14  11:07:08  connectionpool.py DEBUG 823 Starting new HTTPS connection (1): bbs.hupu.com:443 
Starting new HTTPS connection (1): bbs.hupu.com:443
2018-12-14  11:07:10  connectionpool.py DEBUG 393 https://bbs.hupu.com:443 "GET //24722353.html HTTP/1.1" 200 None 
https://bbs.hupu.com:443 "GET //24722353.html HTTP/1.1" 200 None
2018-12-14  11:07:10  hupu.py INFO 117 获取帖子的详细信息url:https://bbs.hupu.com//24722353.html 
获取帖子的详细信息url:https://bbs.hupu.com//24722353.html
2018-12-14  11:07:10  hupu.py INFO 98 爬取URL：https://bbs.hupu.com//24722353.html 
爬取URL：https://bbs.hupu.com//24722353.html
2018-12-14  11:07:10  connectionpool.py DEBUG 823 Starting new HTTPS connection (1): bbs.hupu.com:443 
Starting new HTTPS connection (1): bbs.hupu.com:443
2018-12-14  11:07:11  connectionpool.py DEBUG 393 https://bbs.hupu.com:443 "GET //24722321.html HTTP/1.1" 200 None 
https://bbs.hupu.com:443 "GET //24722321.html HTTP/1.1" 200 None
2018-12-14  11:07:11  hupu.py INFO 117 获取帖子的详细信息url:https://bbs.hupu.com//24722321.html 
获取帖子的详细信息url:https://bbs.hupu.com//24722321.html
2018-12-14  11:07:11  hupu.py INFO 98 爬取URL：https://bbs.hupu.com//24722321.html 
爬取URL：https://bbs.hupu.com//24722321.html
2018-12-14  11:07:11  connectionpool.py DEBUG 823 Starting new HTTPS connection (1): bbs.hupu.com:443 
Starting new HTTPS connection (1): bbs.hupu.com:443
2018-12-14  11:07:12  connectionpool.py DEBUG 393 https://bbs.hupu.com:443 "GET //24722296.html HTTP/1.1" 200 None 
https://bbs.hupu.com:443 "GET //24722296.html HTTP/1.1" 200 None
2018-12-14  11:07:12  hupu.py INFO 117 获取帖子的详细信息url:https://bbs.hupu.com//24722296.html 
获取帖子的详细信息url:https://bbs.hupu.com//24722296.html
2018-12-14  11:07:12  hupu.py INFO 98 爬取URL：https://bbs.hupu.com//24722296.html 
爬取URL：https://bbs.hupu.com//24722296.html
2018-12-14  11:07:14  connectionpool.py DEBUG 823 Starting new HTTPS connection (1): bbs.hupu.com:443 
Starting new HTTPS connection (1): bbs.hupu.com:443
2018-12-14  11:07:15  connectionpool.py DEBUG 393 https://bbs.hupu.com:443 "GET //24722296-2.html HTTP/1.1" 200 None 
https://bbs.hupu.com:443 "GET //24722296-2.html HTTP/1.1" 200 None
2018-12-14  11:07:15  hupu.py INFO 117 获取帖子的详细信息url:https://bbs.hupu.com//24722296-2.html 
获取帖子的详细信息url:https://bbs.hupu.com//24722296-2.html
2018-12-14  11:07:15  hupu.py INFO 105 爬取URL：https://bbs.hupu.com//24722296.html 
爬取URL：https://bbs.hupu.com//24722296.html
2018-12-14  11:07:15  connectionpool.py DEBUG 823 Starting new HTTPS connection (1): bbs.hupu.com:443 
Starting new HTTPS connection (1): bbs.hupu.com:443
