2018-12-13  14:24:45  hupu.py INFO 46 爬取时间段：2018-12-06到2018-12-13 
爬取时间段：2018-12-06到2018-12-13
2018-12-13  14:24:45  hupu.py INFO 65 爬取论坛页url:https://bbs.hupu.com/cars-postdate 
爬取论坛页url:https://bbs.hupu.com/cars-postdate
2018-12-13  14:24:45  connectionpool.py DEBUG 823 Starting new HTTPS connection (1): bbs.hupu.com:443 
Starting new HTTPS connection (1): bbs.hupu.com:443
2018-12-13  14:24:46  connectionpool.py DEBUG 393 https://bbs.hupu.com:443 "GET /cars-postdate HTTP/1.1" 200 None 
https://bbs.hupu.com:443 "GET /cars-postdate HTTP/1.1" 200 None
2018-12-13  14:24:46  connectionpool.py DEBUG 823 Starting new HTTPS connection (1): bbs.hupu.com:443 
Starting new HTTPS connection (1): bbs.hupu.com:443
2018-12-13  14:24:46  connectionpool.py DEBUG 393 https://bbs.hupu.com:443 "GET //24714989.html HTTP/1.1" 200 None 
https://bbs.hupu.com:443 "GET //24714989.html HTTP/1.1" 200 None
2018-12-13  14:24:46  hupu.py INFO 107 获取帖子的详细信息url:https://bbs.hupu.com//24714989.html 
获取帖子的详细信息url:https://bbs.hupu.com//24714989.html
2018-12-13  14:24:46  connectionpool.py DEBUG 823 Starting new HTTPS connection (1): bbs.hupu.com:443 
Starting new HTTPS connection (1): bbs.hupu.com:443
2018-12-13  14:24:46  connectionpool.py DEBUG 393 https://bbs.hupu.com:443 "GET //24714944.html HTTP/1.1" 200 None 
https://bbs.hupu.com:443 "GET //24714944.html HTTP/1.1" 200 None
2018-12-13  14:24:46  hupu.py INFO 107 获取帖子的详细信息url:https://bbs.hupu.com//24714944.html 
获取帖子的详细信息url:https://bbs.hupu.com//24714944.html
2018-12-13  14:24:46  connectionpool.py DEBUG 823 Starting new HTTPS connection (1): bbs.hupu.com:443 
Starting new HTTPS connection (1): bbs.hupu.com:443
2018-12-13  14:24:46  connectionpool.py DEBUG 393 https://bbs.hupu.com:443 "GET //24714890.html HTTP/1.1" 200 None 
https://bbs.hupu.com:443 "GET //24714890.html HTTP/1.1" 200 None
2018-12-13  14:24:46  hupu.py INFO 107 获取帖子的详细信息url:https://bbs.hupu.com//24714890.html 
获取帖子的详细信息url:https://bbs.hupu.com//24714890.html
2018-12-13  14:24:46  connectionpool.py DEBUG 823 Starting new HTTPS connection (1): bbs.hupu.com:443 
Starting new HTTPS connection (1): bbs.hupu.com:443
2018-12-13  14:24:46  connectionpool.py DEBUG 393 https://bbs.hupu.com:443 "GET //24714865.html HTTP/1.1" 200 None 
https://bbs.hupu.com:443 "GET //24714865.html HTTP/1.1" 200 None
2018-12-13  14:24:46  hupu.py INFO 107 获取帖子的详细信息url:https://bbs.hupu.com//24714865.html 
获取帖子的详细信息url:https://bbs.hupu.com//24714865.html
2018-12-13  14:24:46  connectionpool.py DEBUG 823 Starting new HTTPS connection (1): bbs.hupu.com:443 
Starting new HTTPS connection (1): bbs.hupu.com:443
2018-12-13  14:24:46  connectionpool.py DEBUG 393 https://bbs.hupu.com:443 "GET //24714813.html HTTP/1.1" 200 None 
https://bbs.hupu.com:443 "GET //24714813.html HTTP/1.1" 200 None
2018-12-13  14:24:46  hupu.py INFO 107 获取帖子的详细信息url:https://bbs.hupu.com//24714813.html 
获取帖子的详细信息url:https://bbs.hupu.com//24714813.html
2018-12-13  14:24:48  connectionpool.py DEBUG 823 Starting new HTTPS connection (1): bbs.hupu.com:443 
Starting new HTTPS connection (1): bbs.hupu.com:443
2018-12-13  14:24:48  connectionpool.py DEBUG 393 https://bbs.hupu.com:443 "GET //24714813-2.html HTTP/1.1" 200 None 
https://bbs.hupu.com:443 "GET //24714813-2.html HTTP/1.1" 200 None
2018-12-13  14:24:48  hupu.py INFO 107 获取帖子的详细信息url:https://bbs.hupu.com//24714813-2.html 
获取帖子的详细信息url:https://bbs.hupu.com//24714813-2.html
2018-12-13  14:24:48  connectionpool.py DEBUG 823 Starting new HTTPS connection (1): bbs.hupu.com:443 
Starting new HTTPS connection (1): bbs.hupu.com:443
2018-12-13  14:24:49  connectionpool.py DEBUG 393 https://bbs.hupu.com:443 "GET //24714704.html HTTP/1.1" 200 None 
https://bbs.hupu.com:443 "GET //24714704.html HTTP/1.1" 200 None
2018-12-13  14:24:49  hupu.py INFO 107 获取帖子的详细信息url:https://bbs.hupu.com//24714704.html 
获取帖子的详细信息url:https://bbs.hupu.com//24714704.html
2018-12-13  14:24:49  connectionpool.py DEBUG 823 Starting new HTTPS connection (1): bbs.hupu.com:443 
Starting new HTTPS connection (1): bbs.hupu.com:443
2018-12-13  14:24:49  connectionpool.py DEBUG 393 https://bbs.hupu.com:443 "GET //24714448.html HTTP/1.1" 200 None 
https://bbs.hupu.com:443 "GET //24714448.html HTTP/1.1" 200 None
2018-12-13  14:24:49  hupu.py INFO 107 获取帖子的详细信息url:https://bbs.hupu.com//24714448.html 
获取帖子的详细信息url:https://bbs.hupu.com//24714448.html
2018-12-13  14:24:49  connectionpool.py DEBUG 823 Starting new HTTPS connection (1): bbs.hupu.com:443 
Starting new HTTPS connection (1): bbs.hupu.com:443
2018-12-13  14:24:49  connectionpool.py DEBUG 393 https://bbs.hupu.com:443 "GET //24714443.html HTTP/1.1" 200 None 
https://bbs.hupu.com:443 "GET //24714443.html HTTP/1.1" 200 None
2018-12-13  14:24:49  hupu.py INFO 107 获取帖子的详细信息url:https://bbs.hupu.com//24714443.html 
获取帖子的详细信息url:https://bbs.hupu.com//24714443.html
2018-12-13  14:24:49  connectionpool.py DEBUG 823 Starting new HTTPS connection (1): bbs.hupu.com:443 
Starting new HTTPS connection (1): bbs.hupu.com:443
2018-12-13  14:24:49  connectionpool.py DEBUG 393 https://bbs.hupu.com:443 "GET //24714131.html HTTP/1.1" 200 None 
https://bbs.hupu.com:443 "GET //24714131.html HTTP/1.1" 200 None
2018-12-13  14:24:49  hupu.py INFO 107 获取帖子的详细信息url:https://bbs.hupu.com//24714131.html 
获取帖子的详细信息url:https://bbs.hupu.com//24714131.html
2018-12-13  14:24:49  connectionpool.py DEBUG 823 Starting new HTTPS connection (1): bbs.hupu.com:443 
Starting new HTTPS connection (1): bbs.hupu.com:443
2018-12-13  14:24:49  connectionpool.py DEBUG 393 https://bbs.hupu.com:443 "GET //24714064.html HTTP/1.1" 200 None 
https://bbs.hupu.com:443 "GET //24714064.html HTTP/1.1" 200 None
2018-12-13  14:24:49  hupu.py INFO 107 获取帖子的详细信息url:https://bbs.hupu.com//24714064.html 
获取帖子的详细信息url:https://bbs.hupu.com//24714064.html
2018-12-13  14:24:49  connectionpool.py DEBUG 823 Starting new HTTPS connection (1): bbs.hupu.com:443 
Starting new HTTPS connection (1): bbs.hupu.com:443
2018-12-13  14:24:49  connectionpool.py DEBUG 393 https://bbs.hupu.com:443 "GET //24713922.html HTTP/1.1" 200 None 
https://bbs.hupu.com:443 "GET //24713922.html HTTP/1.1" 200 None
2018-12-13  14:24:49  hupu.py INFO 107 获取帖子的详细信息url:https://bbs.hupu.com//24713922.html 
获取帖子的详细信息url:https://bbs.hupu.com//24713922.html
2018-12-13  14:24:49  connectionpool.py DEBUG 823 Starting new HTTPS connection (1): bbs.hupu.com:443 
Starting new HTTPS connection (1): bbs.hupu.com:443
2018-12-13  14:24:50  connectionpool.py DEBUG 393 https://bbs.hupu.com:443 "GET //24713871.html HTTP/1.1" 200 None 
https://bbs.hupu.com:443 "GET //24713871.html HTTP/1.1" 200 None
2018-12-13  14:24:50  hupu.py INFO 107 获取帖子的详细信息url:https://bbs.hupu.com//24713871.html 
获取帖子的详细信息url:https://bbs.hupu.com//24713871.html
2018-12-13  14:24:50  connectionpool.py DEBUG 823 Starting new HTTPS connection (1): bbs.hupu.com:443 
Starting new HTTPS connection (1): bbs.hupu.com:443
2018-12-13  14:24:50  connectionpool.py DEBUG 393 https://bbs.hupu.com:443 "GET //24713778.html HTTP/1.1" 200 None 
https://bbs.hupu.com:443 "GET //24713778.html HTTP/1.1" 200 None
2018-12-13  14:24:50  hupu.py INFO 107 获取帖子的详细信息url:https://bbs.hupu.com//24713778.html 
获取帖子的详细信息url:https://bbs.hupu.com//24713778.html
2018-12-13  14:24:50  connectionpool.py DEBUG 823 Starting new HTTPS connection (1): bbs.hupu.com:443 
Starting new HTTPS connection (1): bbs.hupu.com:443
2018-12-13  14:24:50  connectionpool.py DEBUG 393 https://bbs.hupu.com:443 "GET //24713697.html HTTP/1.1" 200 None 
https://bbs.hupu.com:443 "GET //24713697.html HTTP/1.1" 200 None
2018-12-13  14:24:50  hupu.py INFO 107 获取帖子的详细信息url:https://bbs.hupu.com//24713697.html 
获取帖子的详细信息url:https://bbs.hupu.com//24713697.html
2018-12-13  14:24:50  connectionpool.py DEBUG 823 Starting new HTTPS connection (1): bbs.hupu.com:443 
Starting new HTTPS connection (1): bbs.hupu.com:443
2018-12-13  14:24:50  connectionpool.py DEBUG 393 https://bbs.hupu.com:443 "GET //24713599.html HTTP/1.1" 200 None 
https://bbs.hupu.com:443 "GET //24713599.html HTTP/1.1" 200 None
2018-12-13  14:24:50  hupu.py INFO 107 获取帖子的详细信息url:https://bbs.hupu.com//24713599.html 
获取帖子的详细信息url:https://bbs.hupu.com//24713599.html
2018-12-13  14:24:52  connectionpool.py DEBUG 823 Starting new HTTPS connection (1): bbs.hupu.com:443 
Starting new HTTPS connection (1): bbs.hupu.com:443
2018-12-13  14:24:52  connectionpool.py DEBUG 393 https://bbs.hupu.com:443 "GET //24713599-2.html HTTP/1.1" 200 None 
https://bbs.hupu.com:443 "GET //24713599-2.html HTTP/1.1" 200 None
2018-12-13  14:24:52  hupu.py INFO 107 获取帖子的详细信息url:https://bbs.hupu.com//24713599-2.html 
获取帖子的详细信息url:https://bbs.hupu.com//24713599-2.html
2018-12-13  14:24:52  connectionpool.py DEBUG 823 Starting new HTTPS connection (1): bbs.hupu.com:443 
Starting new HTTPS connection (1): bbs.hupu.com:443
2018-12-13  14:24:53  connectionpool.py DEBUG 393 https://bbs.hupu.com:443 "GET //24713435.html HTTP/1.1" 200 None 
https://bbs.hupu.com:443 "GET //24713435.html HTTP/1.1" 200 None
2018-12-13  14:24:53  hupu.py INFO 107 获取帖子的详细信息url:https://bbs.hupu.com//24713435.html 
获取帖子的详细信息url:https://bbs.hupu.com//24713435.html
2018-12-13  14:24:55  connectionpool.py DEBUG 823 Starting new HTTPS connection (1): bbs.hupu.com:443 
Starting new HTTPS connection (1): bbs.hupu.com:443
2018-12-13  14:24:55  connectionpool.py DEBUG 393 https://bbs.hupu.com:443 "GET //24713435-2.html HTTP/1.1" 200 None 
https://bbs.hupu.com:443 "GET //24713435-2.html HTTP/1.1" 200 None
2018-12-13  14:24:55  hupu.py INFO 107 获取帖子的详细信息url:https://bbs.hupu.com//24713435-2.html 
获取帖子的详细信息url:https://bbs.hupu.com//24713435-2.html
2018-12-13  14:24:55  connectionpool.py DEBUG 823 Starting new HTTPS connection (1): bbs.hupu.com:443 
Starting new HTTPS connection (1): bbs.hupu.com:443
2018-12-13  14:24:55  connectionpool.py DEBUG 393 https://bbs.hupu.com:443 "GET //24713398.html HTTP/1.1" 200 None 
https://bbs.hupu.com:443 "GET //24713398.html HTTP/1.1" 200 None
2018-12-13  14:24:55  hupu.py INFO 107 获取帖子的详细信息url:https://bbs.hupu.com//24713398.html 
获取帖子的详细信息url:https://bbs.hupu.com//24713398.html
2018-12-13  14:24:57  connectionpool.py DEBUG 823 Starting new HTTPS connection (1): bbs.hupu.com:443 
Starting new HTTPS connection (1): bbs.hupu.com:443
2018-12-13  14:24:57  connectionpool.py DEBUG 393 https://bbs.hupu.com:443 "GET //24713398-2.html HTTP/1.1" 200 None 
https://bbs.hupu.com:443 "GET //24713398-2.html HTTP/1.1" 200 None
2018-12-13  14:24:57  hupu.py INFO 107 获取帖子的详细信息url:https://bbs.hupu.com//24713398-2.html 
获取帖子的详细信息url:https://bbs.hupu.com//24713398-2.html
2018-12-13  14:24:57  connectionpool.py DEBUG 823 Starting new HTTPS connection (1): bbs.hupu.com:443 
Starting new HTTPS connection (1): bbs.hupu.com:443
2018-12-13  14:24:57  connectionpool.py DEBUG 393 https://bbs.hupu.com:443 "GET //24713281.html HTTP/1.1" 200 None 
https://bbs.hupu.com:443 "GET //24713281.html HTTP/1.1" 200 None
2018-12-13  14:24:57  hupu.py INFO 107 获取帖子的详细信息url:https://bbs.hupu.com//24713281.html 
获取帖子的详细信息url:https://bbs.hupu.com//24713281.html
2018-12-13  14:24:59  connectionpool.py DEBUG 823 Starting new HTTPS connection (1): bbs.hupu.com:443 
Starting new HTTPS connection (1): bbs.hupu.com:443
2018-12-13  14:25:00  connectionpool.py DEBUG 393 https://bbs.hupu.com:443 "GET //24713281-2.html HTTP/1.1" 200 None 
https://bbs.hupu.com:443 "GET //24713281-2.html HTTP/1.1" 200 None
2018-12-13  14:25:00  hupu.py INFO 107 获取帖子的详细信息url:https://bbs.hupu.com//24713281-2.html 
获取帖子的详细信息url:https://bbs.hupu.com//24713281-2.html
2018-12-13  14:25:00  connectionpool.py DEBUG 823 Starting new HTTPS connection (1): bbs.hupu.com:443 
Starting new HTTPS connection (1): bbs.hupu.com:443
2018-12-13  14:25:00  connectionpool.py DEBUG 393 https://bbs.hupu.com:443 "GET //24713206.html HTTP/1.1" 200 None 
https://bbs.hupu.com:443 "GET //24713206.html HTTP/1.1" 200 None
2018-12-13  14:25:00  hupu.py INFO 107 获取帖子的详细信息url:https://bbs.hupu.com//24713206.html 
获取帖子的详细信息url:https://bbs.hupu.com//24713206.html
2018-12-13  14:25:00  connectionpool.py DEBUG 823 Starting new HTTPS connection (1): bbs.hupu.com:443 
Starting new HTTPS connection (1): bbs.hupu.com:443
2018-12-13  14:25:00  connectionpool.py DEBUG 393 https://bbs.hupu.com:443 "GET //24713126.html HTTP/1.1" 200 None 
https://bbs.hupu.com:443 "GET //24713126.html HTTP/1.1" 200 None
2018-12-13  14:25:00  hupu.py INFO 107 获取帖子的详细信息url:https://bbs.hupu.com//24713126.html 
获取帖子的详细信息url:https://bbs.hupu.com//24713126.html
2018-12-13  14:25:00  connectionpool.py DEBUG 823 Starting new HTTPS connection (1): bbs.hupu.com:443 
Starting new HTTPS connection (1): bbs.hupu.com:443
2018-12-13  14:25:00  connectionpool.py DEBUG 393 https://bbs.hupu.com:443 "GET //24712903.html HTTP/1.1" 200 None 
https://bbs.hupu.com:443 "GET //24712903.html HTTP/1.1" 200 None
2018-12-13  14:25:00  hupu.py INFO 107 获取帖子的详细信息url:https://bbs.hupu.com//24712903.html 
获取帖子的详细信息url:https://bbs.hupu.com//24712903.html
2018-12-13  14:25:00  connectionpool.py DEBUG 823 Starting new HTTPS connection (1): bbs.hupu.com:443 
Starting new HTTPS connection (1): bbs.hupu.com:443
2018-12-13  14:25:00  connectionpool.py DEBUG 393 https://bbs.hupu.com:443 "GET //24712901.html HTTP/1.1" 200 None 
https://bbs.hupu.com:443 "GET //24712901.html HTTP/1.1" 200 None
2018-12-13  14:25:00  hupu.py INFO 107 获取帖子的详细信息url:https://bbs.hupu.com//24712901.html 
获取帖子的详细信息url:https://bbs.hupu.com//24712901.html
2018-12-13  14:25:00  connectionpool.py DEBUG 823 Starting new HTTPS connection (1): bbs.hupu.com:443 
Starting new HTTPS connection (1): bbs.hupu.com:443
2018-12-13  14:25:00  connectionpool.py DEBUG 393 https://bbs.hupu.com:443 "GET //24712891.html HTTP/1.1" 200 None 
https://bbs.hupu.com:443 "GET //24712891.html HTTP/1.1" 200 None
2018-12-13  14:25:00  hupu.py INFO 107 获取帖子的详细信息url:https://bbs.hupu.com//24712891.html 
获取帖子的详细信息url:https://bbs.hupu.com//24712891.html
2018-12-13  14:25:00  connectionpool.py DEBUG 823 Starting new HTTPS connection (1): bbs.hupu.com:443 
Starting new HTTPS connection (1): bbs.hupu.com:443
2018-12-13  14:25:01  connectionpool.py DEBUG 393 https://bbs.hupu.com:443 "GET //24712709.html HTTP/1.1" 200 None 
https://bbs.hupu.com:443 "GET //24712709.html HTTP/1.1" 200 None
2018-12-13  14:25:01  hupu.py INFO 107 获取帖子的详细信息url:https://bbs.hupu.com//24712709.html 
获取帖子的详细信息url:https://bbs.hupu.com//24712709.html
2018-12-13  14:25:01  connectionpool.py DEBUG 823 Starting new HTTPS connection (1): bbs.hupu.com:443 
Starting new HTTPS connection (1): bbs.hupu.com:443
2018-12-13  14:25:01  connectionpool.py DEBUG 393 https://bbs.hupu.com:443 "GET //24712572.html HTTP/1.1" 200 None 
https://bbs.hupu.com:443 "GET //24712572.html HTTP/1.1" 200 None
2018-12-13  14:25:01  hupu.py INFO 107 获取帖子的详细信息url:https://bbs.hupu.com//24712572.html 
获取帖子的详细信息url:https://bbs.hupu.com//24712572.html
2018-12-13  14:25:01  connectionpool.py DEBUG 823 Starting new HTTPS connection (1): bbs.hupu.com:443 
Starting new HTTPS connection (1): bbs.hupu.com:443
2018-12-13  14:25:01  connectionpool.py DEBUG 393 https://bbs.hupu.com:443 "GET //24712482.html HTTP/1.1" 200 None 
https://bbs.hupu.com:443 "GET //24712482.html HTTP/1.1" 200 None
2018-12-13  14:25:01  hupu.py INFO 107 获取帖子的详细信息url:https://bbs.hupu.com//24712482.html 
获取帖子的详细信息url:https://bbs.hupu.com//24712482.html
2018-12-13  14:25:01  connectionpool.py DEBUG 823 Starting new HTTPS connection (1): bbs.hupu.com:443 
Starting new HTTPS connection (1): bbs.hupu.com:443
2018-12-13  14:25:01  connectionpool.py DEBUG 393 https://bbs.hupu.com:443 "GET //24712349.html HTTP/1.1" 200 None 
https://bbs.hupu.com:443 "GET //24712349.html HTTP/1.1" 200 None
2018-12-13  14:25:01  hupu.py INFO 107 获取帖子的详细信息url:https://bbs.hupu.com//24712349.html 
获取帖子的详细信息url:https://bbs.hupu.com//24712349.html
2018-12-13  14:25:01  connectionpool.py DEBUG 823 Starting new HTTPS connection (1): bbs.hupu.com:443 
Starting new HTTPS connection (1): bbs.hupu.com:443
2018-12-13  14:25:01  connectionpool.py DEBUG 393 https://bbs.hupu.com:443 "GET //24712104.html HTTP/1.1" 200 None 
https://bbs.hupu.com:443 "GET //24712104.html HTTP/1.1" 200 None
2018-12-13  14:25:01  hupu.py INFO 107 获取帖子的详细信息url:https://bbs.hupu.com//24712104.html 
获取帖子的详细信息url:https://bbs.hupu.com//24712104.html
2018-12-13  14:25:04  connectionpool.py DEBUG 823 Starting new HTTPS connection (1): bbs.hupu.com:443 
Starting new HTTPS connection (1): bbs.hupu.com:443
2018-12-13  14:25:04  connectionpool.py DEBUG 393 https://bbs.hupu.com:443 "GET //24712104-2.html HTTP/1.1" 200 None 
https://bbs.hupu.com:443 "GET //24712104-2.html HTTP/1.1" 200 None
2018-12-13  14:25:04  hupu.py INFO 107 获取帖子的详细信息url:https://bbs.hupu.com//24712104-2.html 
获取帖子的详细信息url:https://bbs.hupu.com//24712104-2.html
2018-12-13  14:25:04  connectionpool.py DEBUG 823 Starting new HTTPS connection (1): bbs.hupu.com:443 
Starting new HTTPS connection (1): bbs.hupu.com:443
2018-12-13  14:25:04  connectionpool.py DEBUG 393 https://bbs.hupu.com:443 "GET //24712017.html HTTP/1.1" 200 None 
https://bbs.hupu.com:443 "GET //24712017.html HTTP/1.1" 200 None
2018-12-13  14:25:04  hupu.py INFO 107 获取帖子的详细信息url:https://bbs.hupu.com//24712017.html 
获取帖子的详细信息url:https://bbs.hupu.com//24712017.html
2018-12-13  14:25:06  connectionpool.py DEBUG 823 Starting new HTTPS connection (1): bbs.hupu.com:443 
Starting new HTTPS connection (1): bbs.hupu.com:443
2018-12-13  14:25:06  connectionpool.py DEBUG 393 https://bbs.hupu.com:443 "GET //24712017-2.html HTTP/1.1" 200 None 
https://bbs.hupu.com:443 "GET //24712017-2.html HTTP/1.1" 200 None
2018-12-13  14:25:06  hupu.py INFO 107 获取帖子的详细信息url:https://bbs.hupu.com//24712017-2.html 
获取帖子的详细信息url:https://bbs.hupu.com//24712017-2.html
2018-12-13  14:25:06  connectionpool.py DEBUG 823 Starting new HTTPS connection (1): bbs.hupu.com:443 
Starting new HTTPS connection (1): bbs.hupu.com:443
2018-12-13  14:25:06  connectionpool.py DEBUG 393 https://bbs.hupu.com:443 "GET //24711908.html HTTP/1.1" 200 None 
https://bbs.hupu.com:443 "GET //24711908.html HTTP/1.1" 200 None
2018-12-13  14:25:06  hupu.py INFO 107 获取帖子的详细信息url:https://bbs.hupu.com//24711908.html 
获取帖子的详细信息url:https://bbs.hupu.com//24711908.html
2018-12-13  14:25:08  connectionpool.py DEBUG 823 Starting new HTTPS connection (1): bbs.hupu.com:443 
Starting new HTTPS connection (1): bbs.hupu.com:443
2018-12-13  14:25:08  connectionpool.py DEBUG 393 https://bbs.hupu.com:443 "GET //24711908-2.html HTTP/1.1" 200 None 
https://bbs.hupu.com:443 "GET //24711908-2.html HTTP/1.1" 200 None
2018-12-13  14:25:08  hupu.py INFO 107 获取帖子的详细信息url:https://bbs.hupu.com//24711908-2.html 
获取帖子的详细信息url:https://bbs.hupu.com//24711908-2.html
2018-12-13  14:25:09  connectionpool.py DEBUG 823 Starting new HTTPS connection (1): bbs.hupu.com:443 
Starting new HTTPS connection (1): bbs.hupu.com:443
2018-12-13  14:25:09  connectionpool.py DEBUG 393 https://bbs.hupu.com:443 "GET //24711858.html HTTP/1.1" 200 None 
https://bbs.hupu.com:443 "GET //24711858.html HTTP/1.1" 200 None
2018-12-13  14:25:09  hupu.py INFO 107 获取帖子的详细信息url:https://bbs.hupu.com//24711858.html 
获取帖子的详细信息url:https://bbs.hupu.com//24711858.html
2018-12-13  14:25:11  connectionpool.py DEBUG 823 Starting new HTTPS connection (1): bbs.hupu.com:443 
Starting new HTTPS connection (1): bbs.hupu.com:443
2018-12-13  14:25:11  connectionpool.py DEBUG 393 https://bbs.hupu.com:443 "GET //24711858-2.html HTTP/1.1" 200 None 
https://bbs.hupu.com:443 "GET //24711858-2.html HTTP/1.1" 200 None
2018-12-13  14:25:11  hupu.py INFO 107 获取帖子的详细信息url:https://bbs.hupu.com//24711858-2.html 
获取帖子的详细信息url:https://bbs.hupu.com//24711858-2.html
2018-12-13  14:25:11  connectionpool.py DEBUG 823 Starting new HTTPS connection (1): bbs.hupu.com:443 
Starting new HTTPS connection (1): bbs.hupu.com:443
2018-12-13  14:25:11  connectionpool.py DEBUG 393 https://bbs.hupu.com:443 "GET //24711808.html HTTP/1.1" 200 None 
https://bbs.hupu.com:443 "GET //24711808.html HTTP/1.1" 200 None
2018-12-13  14:25:11  hupu.py INFO 107 获取帖子的详细信息url:https://bbs.hupu.com//24711808.html 
获取帖子的详细信息url:https://bbs.hupu.com//24711808.html
2018-12-13  14:25:13  connectionpool.py DEBUG 823 Starting new HTTPS connection (1): bbs.hupu.com:443 
Starting new HTTPS connection (1): bbs.hupu.com:443
2018-12-13  14:25:13  connectionpool.py DEBUG 393 https://bbs.hupu.com:443 "GET //24711808-2.html HTTP/1.1" 200 None 
https://bbs.hupu.com:443 "GET //24711808-2.html HTTP/1.1" 200 None
2018-12-13  14:25:13  hupu.py INFO 107 获取帖子的详细信息url:https://bbs.hupu.com//24711808-2.html 
获取帖子的详细信息url:https://bbs.hupu.com//24711808-2.html
2018-12-13  14:25:15  connectionpool.py DEBUG 823 Starting new HTTPS connection (1): bbs.hupu.com:443 
Starting new HTTPS connection (1): bbs.hupu.com:443
2018-12-13  14:25:15  connectionpool.py DEBUG 393 https://bbs.hupu.com:443 "GET //24711808-3.html HTTP/1.1" 200 None 
https://bbs.hupu.com:443 "GET //24711808-3.html HTTP/1.1" 200 None
2018-12-13  14:25:15  hupu.py INFO 107 获取帖子的详细信息url:https://bbs.hupu.com//24711808-3.html 
获取帖子的详细信息url:https://bbs.hupu.com//24711808-3.html
2018-12-13  14:25:15  connectionpool.py DEBUG 823 Starting new HTTPS connection (1): bbs.hupu.com:443 
Starting new HTTPS connection (1): bbs.hupu.com:443
2018-12-13  14:25:16  connectionpool.py DEBUG 393 https://bbs.hupu.com:443 "GET //24711660.html HTTP/1.1" 200 None 
https://bbs.hupu.com:443 "GET //24711660.html HTTP/1.1" 200 None
2018-12-13  14:25:16  hupu.py INFO 107 获取帖子的详细信息url:https://bbs.hupu.com//24711660.html 
获取帖子的详细信息url:https://bbs.hupu.com//24711660.html
2018-12-13  14:25:18  connectionpool.py DEBUG 823 Starting new HTTPS connection (1): bbs.hupu.com:443 
Starting new HTTPS connection (1): bbs.hupu.com:443
2018-12-13  14:25:18  connectionpool.py DEBUG 393 https://bbs.hupu.com:443 "GET //24711660-2.html HTTP/1.1" 200 None 
https://bbs.hupu.com:443 "GET //24711660-2.html HTTP/1.1" 200 None
2018-12-13  14:25:18  hupu.py INFO 107 获取帖子的详细信息url:https://bbs.hupu.com//24711660-2.html 
获取帖子的详细信息url:https://bbs.hupu.com//24711660-2.html
2018-12-13  14:25:20  connectionpool.py DEBUG 823 Starting new HTTPS connection (1): bbs.hupu.com:443 
Starting new HTTPS connection (1): bbs.hupu.com:443
2018-12-13  14:25:20  connectionpool.py DEBUG 393 https://bbs.hupu.com:443 "GET //24711660-3.html HTTP/1.1" 200 None 
https://bbs.hupu.com:443 "GET //24711660-3.html HTTP/1.1" 200 None
2018-12-13  14:25:20  hupu.py INFO 107 获取帖子的详细信息url:https://bbs.hupu.com//24711660-3.html 
获取帖子的详细信息url:https://bbs.hupu.com//24711660-3.html
2018-12-13  14:25:20  connectionpool.py DEBUG 823 Starting new HTTPS connection (1): bbs.hupu.com:443 
Starting new HTTPS connection (1): bbs.hupu.com:443
2018-12-13  14:25:20  connectionpool.py DEBUG 393 https://bbs.hupu.com:443 "GET //24711600.html HTTP/1.1" 200 None 
https://bbs.hupu.com:443 "GET //24711600.html HTTP/1.1" 200 None
2018-12-13  14:25:20  hupu.py INFO 107 获取帖子的详细信息url:https://bbs.hupu.com//24711600.html 
获取帖子的详细信息url:https://bbs.hupu.com//24711600.html
2018-12-13  14:25:20  connectionpool.py DEBUG 823 Starting new HTTPS connection (1): bbs.hupu.com:443 
Starting new HTTPS connection (1): bbs.hupu.com:443
2018-12-13  14:25:20  connectionpool.py DEBUG 393 https://bbs.hupu.com:443 "GET //24711552.html HTTP/1.1" 200 None 
https://bbs.hupu.com:443 "GET //24711552.html HTTP/1.1" 200 None
2018-12-13  14:25:20  hupu.py INFO 107 获取帖子的详细信息url:https://bbs.hupu.com//24711552.html 
获取帖子的详细信息url:https://bbs.hupu.com//24711552.html
2018-12-13  14:25:20  connectionpool.py DEBUG 823 Starting new HTTPS connection (1): bbs.hupu.com:443 
Starting new HTTPS connection (1): bbs.hupu.com:443
2018-12-13  14:25:21  connectionpool.py DEBUG 393 https://bbs.hupu.com:443 "GET //24711547.html HTTP/1.1" 200 None 
https://bbs.hupu.com:443 "GET //24711547.html HTTP/1.1" 200 None
2018-12-13  14:25:21  hupu.py INFO 107 获取帖子的详细信息url:https://bbs.hupu.com//24711547.html 
获取帖子的详细信息url:https://bbs.hupu.com//24711547.html
2018-12-13  14:25:21  connectionpool.py DEBUG 823 Starting new HTTPS connection (1): bbs.hupu.com:443 
Starting new HTTPS connection (1): bbs.hupu.com:443
2018-12-13  14:25:21  connectionpool.py DEBUG 393 https://bbs.hupu.com:443 "GET //24711452.html HTTP/1.1" 200 None 
https://bbs.hupu.com:443 "GET //24711452.html HTTP/1.1" 200 None
2018-12-13  14:25:21  hupu.py INFO 107 获取帖子的详细信息url:https://bbs.hupu.com//24711452.html 
获取帖子的详细信息url:https://bbs.hupu.com//24711452.html
2018-12-13  14:25:21  connectionpool.py DEBUG 823 Starting new HTTPS connection (1): bbs.hupu.com:443 
Starting new HTTPS connection (1): bbs.hupu.com:443
2018-12-13  14:25:21  connectionpool.py DEBUG 393 https://bbs.hupu.com:443 "GET //24711373.html HTTP/1.1" 200 None 
https://bbs.hupu.com:443 "GET //24711373.html HTTP/1.1" 200 None
2018-12-13  14:25:21  hupu.py INFO 107 获取帖子的详细信息url:https://bbs.hupu.com//24711373.html 
获取帖子的详细信息url:https://bbs.hupu.com//24711373.html
2018-12-13  14:25:23  connectionpool.py DEBUG 823 Starting new HTTPS connection (1): bbs.hupu.com:443 
Starting new HTTPS connection (1): bbs.hupu.com:443
2018-12-13  14:25:23  connectionpool.py DEBUG 393 https://bbs.hupu.com:443 "GET //24711373-2.html HTTP/1.1" 200 None 
https://bbs.hupu.com:443 "GET //24711373-2.html HTTP/1.1" 200 None
2018-12-13  14:25:23  hupu.py INFO 107 获取帖子的详细信息url:https://bbs.hupu.com//24711373-2.html 
获取帖子的详细信息url:https://bbs.hupu.com//24711373-2.html
2018-12-13  14:25:25  connectionpool.py DEBUG 823 Starting new HTTPS connection (1): bbs.hupu.com:443 
Starting new HTTPS connection (1): bbs.hupu.com:443
2018-12-13  14:25:25  connectionpool.py DEBUG 393 https://bbs.hupu.com:443 "GET //24711373-3.html HTTP/1.1" 200 None 
https://bbs.hupu.com:443 "GET //24711373-3.html HTTP/1.1" 200 None
2018-12-13  14:25:25  hupu.py INFO 107 获取帖子的详细信息url:https://bbs.hupu.com//24711373-3.html 
获取帖子的详细信息url:https://bbs.hupu.com//24711373-3.html
2018-12-13  14:25:27  connectionpool.py DEBUG 823 Starting new HTTPS connection (1): bbs.hupu.com:443 
Starting new HTTPS connection (1): bbs.hupu.com:443
2018-12-13  14:25:27  connectionpool.py DEBUG 393 https://bbs.hupu.com:443 "GET //24711373-4.html HTTP/1.1" 200 None 
https://bbs.hupu.com:443 "GET //24711373-4.html HTTP/1.1" 200 None
2018-12-13  14:25:27  hupu.py INFO 107 获取帖子的详细信息url:https://bbs.hupu.com//24711373-4.html 
获取帖子的详细信息url:https://bbs.hupu.com//24711373-4.html
2018-12-13  14:25:29  connectionpool.py DEBUG 823 Starting new HTTPS connection (1): bbs.hupu.com:443 
Starting new HTTPS connection (1): bbs.hupu.com:443
2018-12-13  14:25:30  connectionpool.py DEBUG 393 https://bbs.hupu.com:443 "GET //24711373-5.html HTTP/1.1" 200 None 
https://bbs.hupu.com:443 "GET //24711373-5.html HTTP/1.1" 200 None
2018-12-13  14:25:30  hupu.py INFO 107 获取帖子的详细信息url:https://bbs.hupu.com//24711373-5.html 
获取帖子的详细信息url:https://bbs.hupu.com//24711373-5.html
2018-12-13  14:25:32  connectionpool.py DEBUG 823 Starting new HTTPS connection (1): bbs.hupu.com:443 
Starting new HTTPS connection (1): bbs.hupu.com:443
2018-12-13  14:25:32  connectionpool.py DEBUG 393 https://bbs.hupu.com:443 "GET //24711373-6.html HTTP/1.1" 200 None 
https://bbs.hupu.com:443 "GET //24711373-6.html HTTP/1.1" 200 None
2018-12-13  14:25:32  hupu.py INFO 107 获取帖子的详细信息url:https://bbs.hupu.com//24711373-6.html 
获取帖子的详细信息url:https://bbs.hupu.com//24711373-6.html
2018-12-13  14:25:32  connectionpool.py DEBUG 823 Starting new HTTPS connection (1): bbs.hupu.com:443 
Starting new HTTPS connection (1): bbs.hupu.com:443
2018-12-13  14:25:32  connectionpool.py DEBUG 393 https://bbs.hupu.com:443 "GET //24711368.html HTTP/1.1" 200 None 
https://bbs.hupu.com:443 "GET //24711368.html HTTP/1.1" 200 None
2018-12-13  14:25:32  hupu.py INFO 107 获取帖子的详细信息url:https://bbs.hupu.com//24711368.html 
获取帖子的详细信息url:https://bbs.hupu.com//24711368.html
2018-12-13  14:25:32  hupu.py INFO 184 进行论坛第2翻页 
进行论坛第2翻页
